

 MVDONE iteration:  0
Time spent training the model:				  0.009999752044677734
Time spent finding the minimum of the model:  0.16000008583068848
Total computation time for this iteration:	 0.18000006675720215
Current time:  1585319111.9247181
Evaluated data point and evaluation:						    [ 1.          0.          0.          0.          1.          1.
  0.          0.          1.          0.          1.          0.
  0.          0.          0.          1.          0.          1.
  1.          0.          0.          1.          0.          1.
  1.          0.          0.          0.          0.          0.
  0.          1.          1.          1.          1.          0.
  0.          0.          0.          0.          1.          1.
  1.          0.          0.          0.          0.          1.
  1.          1.         -0.58682513 -0.10056725 -0.66655329] ,  2.583635025057322
Predicted value at evaluated data point (after learning)        [ 1.          0.          0.          0.          1.          1.
  0.          0.          1.          0.          1.          0.
  0.          0.          0.          1.          0.          1.
  1.          0.          0.          1.          0.          1.
  1.          0.          0.          0.          0.          0.
  0.          1.          1.          1.          1.          0.
  0.          0.          0.          0.          1.          1.
  1.          0.          0.          0.          0.          1.
  1.          1.         -0.58682513 -0.10056725 -0.66655329] ,  2.5836350456924153
Best found data point and evaluation so far:				    [ 1.          0.          0.          0.          1.          1.
  0.          0.          1.          0.          1.          0.
  0.          0.          0.          1.          0.          1.
  1.          0.          0.          1.          0.          1.
  1.          0.          0.          0.          0.          0.
  0.          1.          1.          1.          1.          0.
  0.          0.          0.          0.          1.          1.
  1.          0.          0.          0.          0.          1.
  1.          1.         -0.58682513 -0.10056725 -0.66655329] ,  2.583635025057322
Best data point according to the model and predicted value:	    [ 1.          0.          0.          0.          1.          1.
  0.          0.          1.          0.          1.          0.
  0.          0.          0.          1.          0.          1.
  1.          0.          0.          1.          0.          1.
  1.          0.          0.          0.          0.          0.
  0.          1.          1.          1.          1.          0.
  0.          0.          0.          0.          1.          1.
  1.          0.          0.          0.          0.          1.
  1.          1.         -0.58682513 -0.10056725 -0.66655329] ,  2.5836350456924153
Best rounded	 point according to the model and predicted value: [ 1.          0.          0.          0.          1.          1.
  0.          0.          1.          0.          1.          0.
  0.          0.          0.          1.          0.          1.
  1.          0.          0.          1.          0.          1.
  1.          0.          0.          0.          0.          0.
  0.          1.          1.          1.          1.          0.
  0.          0.          0.          0.          1.          1.
  1.          0.          0.          0.          0.          1.
  1.          1.         -0.58682513 -0.10056725 -0.66655329] ,  2.5836350456924153
Suggested next data point and predicted value:				    [ 0.          0.          1.          0.          1.          0.
  0.          1.          1.          0.          0.          0.
  0.          1.          1.          1.          0.          1.
  0.          1.          1.          0.          0.          0.
  1.          1.          0.          0.          1.          1.
  0.          0.          1.          0.          1.          0.
  1.          0.          0.          1.          1.          1.
  1.          1.          0.          1.          0.          0.
  1.          0.          0.92378305 -0.22198725  0.40927704] ,  169.20504818192072


 MVDONE iteration:  1
Time spent training the model:				  0.010000228881835938
Time spent finding the minimum of the model:  0.2499997615814209
Total computation time for this iteration:	 0.25999999046325684
Current time:  1585319112.2147179
Evaluated data point and evaluation:						    [ 0.          0.          1.          0.          1.          0.
  0.          1.          1.          0.          0.          0.
  0.          1.          1.          1.          0.          1.
  0.          1.          1.          0.          0.          0.
  1.          1.          0.          0.          1.          1.
  0.          0.          1.          0.          1.          0.
  1.          0.          0.          1.          1.          1.
  1.          1.          0.          1.          0.          0.
  1.          0.          0.92378305 -0.22198725  0.40927704] ,  2.70911169820865
Predicted value at evaluated data point (after learning)        [ 0.          0.          1.          0.          1.          0.
  0.          1.          1.          0.          0.          0.
  0.          1.          1.          1.          0.          1.
  0.          1.          1.          0.          0.          0.
  1.          1.          0.          0.          1.          1.
  0.          0.          1.          0.          1.          0.
  1.          0.          0.          1.          1.          1.
  1.          1.          0.          1.          0.          0.
  1.          0.          0.92378305 -0.22198725  0.40927704] ,  2.7091117098320217
Best found data point and evaluation so far:				    [ 1.          0.          0.          0.          1.          1.
  0.          0.          1.          0.          1.          0.
  0.          0.          0.          1.          0.          1.
  1.          0.          0.          1.          0.          1.
  1.          0.          0.          0.          0.          0.
  0.          1.          1.          1.          1.          0.
  0.          0.          0.          0.          1.          1.
  1.          0.          0.          0.          0.          1.
  1.          1.         -0.58682513 -0.10056725 -0.66655329] ,  2.583635025057322
Best data point according to the model and predicted value:	    [ 1.00000000e+00  0.00000000e+00  9.99561438e-01  0.00000000e+00
  1.00000000e+00  9.95354731e-01  0.00000000e+00  4.64526941e-03
  1.00000000e+00  0.00000000e+00  1.00000000e+00  0.00000000e+00
  0.00000000e+00  1.05310028e-01  9.03550336e-02  1.00000000e+00
  0.00000000e+00  1.00000000e+00  3.11113265e-01  2.02818481e-01
  2.05374173e-01  9.98274772e-01  0.00000000e+00  9.95354731e-01
  1.00000000e+00  4.64526941e-03  0.00000000e+00  0.00000000e+00
  7.81910031e-01  7.76595447e-01  0.00000000e+00  9.95354731e-01
  1.00000000e+00  4.22971735e-04  1.00000000e+00  0.00000000e+00
  9.99518759e-01  0.00000000e+00  0.00000000e+00  4.64526941e-03
  1.00000000e+00  1.00000000e+00  1.00000000e+00  4.64526941e-03
  0.00000000e+00  9.99535638e-01  0.00000000e+00  9.95354731e-01
  1.00000000e+00  0.00000000e+00 -5.89671036e-01 -1.04928649e-01
 -6.66413945e-01] ,  -10.099721773739656
Best rounded	 point according to the model and predicted value: [ 1.          0.          1.          0.          1.          1.
  0.          0.          1.          0.          1.          0.
  0.          0.          0.          1.          0.          1.
  0.          0.          0.          1.          0.          1.
  1.          0.          0.          0.          1.          1.
  0.          1.          1.          0.          1.          0.
  1.          0.          0.          0.          1.          1.
  1.          0.          0.          1.          0.          1.
  1.          0.         -0.58967104 -0.10492865 -0.66641394] ,  -10.762193366269953
Suggested next data point and predicted value:				    [ 1.          1.          1.          0.          1.          0.
  0.          1.          0.          1.          1.          0.
  0.          1.          0.          0.          1.          1.
  0.          0.          1.          1.          0.          1.
  0.          0.          1.          0.          0.          1.
  0.          0.          0.          0.          0.          0.
  0.          1.          1.          0.          1.          1.
  0.          0.          1.          1.          1.          1.
  0.          1.          0.52017964 -0.969753    0.31765148] ,  134.67018622775973


 MVDONE iteration:  2
Time spent training the model:				  0.0
Time spent finding the minimum of the model:  0.1099998950958252
Total computation time for this iteration:	 0.1099998950958252
Current time:  1585319112.334718
Evaluated data point and evaluation:						    [ 1.          1.          1.          0.          1.          0.
  0.          1.          0.          1.          1.          0.
  0.          1.          0.          0.          1.          1.
  0.          0.          1.          1.          0.          1.
  0.          0.          1.          0.          0.          1.
  0.          0.          0.          0.          0.          0.
  0.          1.          1.          0.          1.          1.
  0.          0.          1.          1.          1.          1.
  0.          1.          0.52017964 -0.969753    0.31765148] ,  2.751748741417042
Predicted value at evaluated data point (after learning)        [ 1.          1.          1.          0.          1.          0.
  0.          1.          0.          1.          1.          0.
  0.          1.          0.          0.          1.          1.
  0.          0.          1.          1.          0.          1.
  0.          0.          1.          0.          0.          1.
  0.          0.          0.          0.          0.          0.
  0.          1.          1.          0.          1.          1.
  0.          0.          1.          1.          1.          1.
  0.          1.          0.52017964 -0.969753    0.31765148] ,  2.7517487513426167
Best found data point and evaluation so far:				    [ 1.          0.          0.          0.          1.          1.
  0.          0.          1.          0.          1.          0.
  0.          0.          0.          1.          0.          1.
  1.          0.          0.          1.          0.          1.
  1.          0.          0.          0.          0.          0.
  0.          1.          1.          1.          1.          0.
  0.          0.          0.          0.          1.          1.
  1.          0.          0.          0.          0.          1.
  1.          1.         -0.58682513 -0.10056725 -0.66655329] ,  2.583635025057322
Best data point according to the model and predicted value:	    [ 1.          0.          1.          0.          1.          0.
  0.          1.          1.          0.          1.          0.
  0.          1.          0.00267658  0.97818968  0.          1.
  0.          0.00503997  1.          1.          0.          1.
  0.86185633  0.          0.          0.          0.05949788  1.
  0.          0.          1.          0.          1.          0.
  0.          0.          0.          0.          1.          1.
  1.          0.          0.          1.          0.          1.
  1.          1.         -0.59387626 -0.11614951 -0.66016901] ,  -34.3148380030248
Best rounded	 point according to the model and predicted value: [ 1.          0.          1.          0.          1.          0.
  0.          1.          1.          0.          1.          0.
  0.          1.          0.          1.          0.          1.
  0.          0.          1.          1.          0.          1.
  1.          0.          0.          0.          0.          1.
  0.          0.          1.          0.          1.          0.
  0.          0.          0.          0.          1.          1.
  1.          0.          0.          1.          0.          1.
  1.          1.         -0.59387626 -0.11614951 -0.66016901] ,  -34.723069292239884
Suggested next data point and predicted value:				    [ 0.          0.          1.          1.          1.          0.
  0.          0.          0.          1.          0.          1.
  1.          0.          0.          0.          0.          1.
  0.          1.          1.          1.          1.          0.
  1.          0.          0.          0.          0.          0.
  0.          1.          0.          1.          0.          1.
  0.          0.          0.          1.          0.          1.
  1.          0.          1.          0.          0.          1.
  0.          1.         -0.78493281  0.92891268  0.84490639] ,  108.42639149265118


 MVDONE iteration:  3
Time spent training the model:				  0.0
Time spent finding the minimum of the model:  0.12999987602233887
Total computation time for this iteration:	 0.12999987602233887
Current time:  1585319112.4747179
Evaluated data point and evaluation:						    [ 0.          0.          1.          1.          1.          0.
  0.          0.          0.          1.          0.          1.
  1.          0.          0.          0.          0.          1.
  0.          1.          1.          1.          1.          0.
  1.          0.          0.          0.          0.          0.
  0.          1.          0.          1.          0.          1.
  0.          0.          0.          1.          0.          1.
  1.          0.          1.          0.          0.          1.
  0.          1.         -0.78493281  0.92891268  0.84490639] ,  2.545291050529575
Predicted value at evaluated data point (after learning)        [ 0.          0.          1.          1.          1.          0.
  0.          0.          0.          1.          0.          1.
  1.          0.          0.          0.          0.          1.
  0.          1.          1.          1.          1.          0.
  1.          0.          0.          0.          0.          0.
  0.          1.          0.          1.          0.          1.
  0.          0.          0.          1.          0.          1.
  1.          0.          1.          0.          0.          1.
  0.          1.         -0.78493281  0.92891268  0.84490639] ,  2.5452910586383073
Best found data point and evaluation so far:				    [ 0.          0.          1.          1.          1.          0.
  0.          0.          0.          1.          0.          1.
  1.          0.          0.          0.          0.          1.
  0.          1.          1.          1.          1.          0.
  1.          0.          0.          0.          0.          0.
  0.          1.          0.          1.          0.          1.
  0.          0.          0.          1.          0.          1.
  1.          0.          1.          0.          0.          1.
  0.          1.         -0.78493281  0.92891268  0.84490639] ,  2.545291050529575
Best data point according to the model and predicted value:	    [ 0.          0.          1.          0.          1.          0.
  0.          0.98928505  0.81446332  0.60096782  0.53690642  0.
  0.          0.86966538  0.0042905   0.07304405  0.          1.
  0.          1.          1.          1.          0.          0.09753552
  1.          0.          0.00706606  0.          0.00988828  1.
  0.          0.80919897  0.81425156  0.62323375  0.53151457  0.
  0.          0.          0.          0.89691462  0.96465249  1.
  1.          0.          0.81983683  0.83955917  0.          1.
  0.75639416  0.75614987 -0.7881214   0.92300692  0.84760319] ,  -39.104841018188495
Best rounded	 point according to the model and predicted value: [ 0.          0.          1.          0.          1.          0.
  0.          1.          1.          1.          1.          0.
  0.          1.          0.          0.          0.          1.
  0.          1.          1.          1.          0.          0.
  1.          0.          0.          0.          0.          1.
  0.          1.          1.          1.          1.          0.
  0.          0.          0.          1.          1.          1.
  1.          0.          1.          1.          0.          1.
  1.          1.         -0.7881214   0.92300692  0.84760319] ,  -40.91711812395565
Suggested next data point and predicted value:				    [ 1.          1.          1.          1.          0.          0.
  1.          1.          0.          0.          1.          1.
  1.          1.          1.          0.          0.          0.
  0.          1.          1.          0.          1.          1.
  1.          0.          1.          0.          1.          0.
  1.          0.          0.          1.          0.          1.
  0.          1.          0.          1.          1.          1.
  0.          1.          0.          1.          0.          0.
  0.          1.         -0.54916721  0.74312675 -0.68217536] ,  89.01997783116904


 MVDONE iteration:  4
Time spent training the model:				  0.0
Time spent finding the minimum of the model:  0.28999996185302734
Total computation time for this iteration:	 0.28999996185302734
Current time:  1585319112.774718
Evaluated data point and evaluation:						    [ 1.          1.          1.          1.          0.          0.
  1.          1.          0.          0.          1.          1.
  1.          1.          1.          0.          0.          0.
  0.          1.          1.          0.          1.          1.
  1.          0.          1.          0.          1.          0.
  1.          0.          0.          1.          0.          1.
  0.          1.          0.          1.          1.          1.
  0.          1.          0.          1.          0.          0.
  0.          1.         -0.54916721  0.74312675 -0.68217536] ,  2.9813642240662492
Predicted value at evaluated data point (after learning)        [ 1.          1.          1.          1.          0.          0.
  1.          1.          0.          0.          1.          1.
  1.          1.          1.          0.          0.          0.
  0.          1.          1.          0.          1.          1.
  1.          0.          1.          0.          1.          0.
  1.          0.          0.          1.          0.          1.
  0.          1.          0.          1.          1.          1.
  0.          1.          0.          1.          0.          0.
  0.          1.         -0.54916721  0.74312675 -0.68217536] ,  2.9813642311073116
Best found data point and evaluation so far:				    [ 0.          0.          1.          1.          1.          0.
  0.          0.          0.          1.          0.          1.
  1.          0.          0.          0.          0.          1.
  0.          1.          1.          1.          1.          0.
  1.          0.          0.          0.          0.          0.
  0.          1.          0.          1.          0.          1.
  0.          0.          0.          1.          0.          1.
  1.          0.          1.          0.          0.          1.
  0.          1.         -0.78493281  0.92891268  0.84490639] ,  2.545291050529575
Best data point according to the model and predicted value:	    [ 0.87520768  0.          1.          0.          1.          0.
  0.          1.          0.          0.          1.          0.09897718
  0.          0.48830854  0.2804526   0.21950152  0.          1.
  0.          1.          1.          0.86292403  0.10208487  1.
  1.          0.          1.          0.          0.40366377  0.28314897
  0.          0.          0.          1.          0.          0.
  0.          0.10012688  0.          1.          1.          1.
  0.          0.          0.          1.          0.          1.
  0.70755736  1.         -0.78909064  0.92232554  0.84833989] ,  -41.25984961755627
Best rounded	 point according to the model and predicted value: [ 1.          0.          1.          0.          1.          0.
  0.          1.          0.          0.          1.          0.
  0.          0.          0.          0.          0.          1.
  0.          1.          1.          1.          0.          1.
  1.          0.          1.          0.          0.          0.
  0.          0.          0.          1.          0.          0.
  0.          0.          0.          1.          1.          1.
  0.          0.          0.          1.          0.          1.
  1.          1.         -0.78909064  0.92232554  0.84833989] ,  -42.510369410148776
Suggested next data point and predicted value:				    [ 1.          1.          1.          1.          1.          1.
  1.          1.          1.          1.          0.          0.
  1.          0.          0.          0.          0.          1.
  1.          0.          1.          1.          1.          0.
  1.          0.          0.          0.          0.          1.
  1.          0.          0.          1.          1.          1.
  1.          0.          1.          1.          1.          1.
  1.          1.          0.          0.          0.          0.
  0.          0.         -0.15746811 -0.49308555 -0.53633983] ,  25.517159819396973


 MVDONE iteration:  5
Time spent training the model:				  0.0
Time spent finding the minimum of the model:  0.10000014305114746
Total computation time for this iteration:	 0.1100001335144043
Current time:  1585319112.8847182
Evaluated data point and evaluation:						    [ 1.          1.          1.          1.          1.          1.
  1.          1.          1.          1.          0.          0.
  1.          0.          0.          0.          0.          1.
  1.          0.          1.          1.          1.          0.
  1.          0.          0.          0.          0.          1.
  1.          0.          0.          1.          1.          1.
  1.          0.          1.          1.          1.          1.
  1.          1.          0.          0.          0.          0.
  0.          0.         -0.15746811 -0.49308555 -0.53633983] ,  2.9923709504853746
Predicted value at evaluated data point (after learning)        [ 1.          1.          1.          1.          1.          1.
  1.          1.          1.          1.          0.          0.
  1.          0.          0.          0.          0.          1.
  1.          0.          1.          1.          1.          0.
  1.          0.          0.          0.          0.          1.
  1.          0.          0.          1.          1.          1.
  1.          0.          1.          1.          1.          1.
  1.          1.          0.          0.          0.          0.
  0.          0.         -0.15746811 -0.49308555 -0.53633983] ,  2.992370953463457
Best found data point and evaluation so far:				    [ 0.          0.          1.          1.          1.          0.
  0.          0.          0.          1.          0.          1.
  1.          0.          0.          0.          0.          1.
  0.          1.          1.          1.          1.          0.
  1.          0.          0.          0.          0.          0.
  0.          1.          0.          1.          0.          1.
  0.          0.          0.          1.          0.          1.
  1.          0.          1.          0.          0.          1.
  0.          1.         -0.78493281  0.92891268  0.84490639] ,  2.545291050529575
Best data point according to the model and predicted value:	    [ 7.94877021e-01  2.44895318e-01  1.00000000e+00  0.00000000e+00
  1.00000000e+00  0.00000000e+00  0.00000000e+00  1.00000000e+00
  1.76203626e-01  1.73604848e-01  8.48122566e-01  2.26575615e-01
  2.27957666e-01  2.14731167e-01  1.81759781e-01  1.85179035e-01
  0.00000000e+00  1.00000000e+00  0.00000000e+00  7.79027432e-01
  1.00000000e+00  9.98692831e-01  4.36516273e-01  4.29048516e-01
  1.00000000e+00  0.00000000e+00  9.41041920e-01  0.00000000e+00
  4.99062127e-01  5.48925443e-01  9.21958618e-03  9.08060816e-03
  1.61067965e-02  1.00000000e+00  3.18414343e-01  3.32689257e-01
  2.10369442e-04  1.87228894e-04  0.00000000e+00  1.00000000e+00
  1.00000000e+00  1.00000000e+00  5.35557045e-01  1.88947704e-01
  0.00000000e+00  1.00000000e+00  0.00000000e+00  7.91075773e-01
  6.32644194e-01  9.36595296e-01 -7.87899705e-01  9.24439437e-01
  8.47441239e-01] ,  -37.17343882450656
Best rounded	 point according to the model and predicted value: [ 1.          0.          1.          0.          1.          0.
  0.          1.          0.          0.          1.          0.
  0.          0.          0.          0.          0.          1.
  0.          1.          1.          1.          0.          0.
  1.          0.          1.          0.          0.          1.
  0.          0.          0.          1.          0.          0.
  0.          0.          0.          1.          1.          1.
  1.          0.          0.          1.          0.          1.
  1.          1.         -0.7878997   0.92443944  0.84744124] ,  -35.87295189710446
Suggested next data point and predicted value:				    [ 1.          1.          0.          1.          1.          1.
  0.          0.          1.          0.          1.          0.
  1.          0.          0.          0.          1.          0.
  1.          0.          1.          0.          1.          1.
  0.          1.          1.          1.          1.          0.
  1.          0.          1.          1.          1.          0.
  0.          0.          0.          1.          1.          1.
  1.          1.          0.          0.          0.          0.
  1.          1.         -0.61397029  0.97220353 -0.84807127] ,  63.620794116539955


 MVDONE iteration:  6
Time spent training the model:				  0.0
Time spent finding the minimum of the model:  0.1100001335144043
Total computation time for this iteration:	 0.1100001335144043
Current time:  1585319113.004718
Evaluated data point and evaluation:						    [ 1.          1.          0.          1.          1.          1.
  0.          0.          1.          0.          1.          0.
  1.          0.          0.          0.          1.          0.
  1.          0.          1.          0.          1.          1.
  0.          1.          1.          1.          1.          0.
  1.          0.          1.          1.          1.          0.
  0.          0.          0.          1.          1.          1.
  1.          1.          0.          0.          0.          0.
  1.          1.         -0.61397029  0.97220353 -0.84807127] ,  2.9058435059781083
Predicted value at evaluated data point (after learning)        [ 1.          1.          0.          1.          1.          1.
  0.          0.          1.          0.          1.          0.
  1.          0.          0.          0.          1.          0.
  1.          0.          1.          0.          1.          1.
  0.          1.          1.          1.          1.          0.
  1.          0.          1.          1.          1.          0.
  0.          0.          0.          1.          1.          1.
  1.          1.          0.          0.          0.          0.
  1.          1.         -0.61397029  0.97220353 -0.84807127] ,  2.905843512682185
Best found data point and evaluation so far:				    [ 0.          0.          1.          1.          1.          0.
  0.          0.          0.          1.          0.          1.
  1.          0.          0.          0.          0.          1.
  0.          1.          1.          1.          1.          0.
  1.          0.          0.          0.          0.          0.
  0.          1.          0.          1.          0.          1.
  0.          0.          0.          1.          0.          1.
  1.          0.          1.          0.          0.          1.
  0.          1.         -0.78493281  0.92891268  0.84490639] ,  2.545291050529575
Best data point according to the model and predicted value:	    [ 0.96354641  0.9603044   0.9674171   0.29026168  1.          0.
  0.          0.62328717  0.67820786  0.0105356   1.          0.
  0.57201848  0.5988169   0.02111161  0.00659343  0.00240343  1.
  0.          0.04127434  1.          0.          0.7758106   0.83510153
  0.84374215  0.01085082  0.82146242  0.          0.59058515  0.01942203
  0.00946406  0.02279346  0.01424802  1.          0.12387964  0.
  0.          0.          0.          1.          0.98590509  1.
  0.99122937  0.33551653  0.13499847  0.29900155  0.          0.84374697
  0.98866215  0.98707065 -0.78779221  0.92371889  0.84887585] ,  -37.53285293679612
Best rounded	 point according to the model and predicted value: [ 1.          1.          1.          0.          1.          0.
  0.          1.          1.          0.          1.          0.
  1.          1.          0.          0.          0.          1.
  0.          0.          1.          0.          1.          1.
  1.          0.          1.          0.          1.          0.
  0.          0.          0.          1.          0.          0.
  0.          0.          0.          1.          1.          1.
  1.          0.          0.          0.          0.          1.
  1.          1.         -0.78779221  0.92371889  0.84887585] ,  -37.8190452338752
Suggested next data point and predicted value:				    [ 0.          0.          0.          1.          1.          1.
  1.          0.          1.          0.          1.          1.
  0.          0.          0.          0.          0.          1.
  1.          0.          0.          1.          0.          1.
  1.          1.          0.          1.          1.          0.
  1.          1.          1.          1.          1.          0.
  0.          1.          1.          0.          1.          1.
  0.          1.          1.          0.          0.          1.
  1.          0.          0.69477999  0.34285757 -0.57236279] ,  41.50548890517013


 MVDONE iteration:  7
Time spent training the model:				  0.0
Time spent finding the minimum of the model:  0.11999988555908203
Total computation time for this iteration:	 0.12999987602233887
Current time:  1585319113.134718
Evaluated data point and evaluation:						    [ 0.          0.          0.          1.          1.          1.
  1.          0.          1.          0.          1.          1.
  0.          0.          0.          0.          0.          1.
  1.          0.          0.          1.          0.          1.
  1.          1.          0.          1.          1.          0.
  1.          1.          1.          1.          1.          0.
  0.          1.          1.          0.          1.          1.
  0.          1.          1.          0.          0.          1.
  1.          0.          0.69477999  0.34285757 -0.57236279] ,  2.982065349983799
Predicted value at evaluated data point (after learning)        [ 0.          0.          0.          1.          1.          1.
  1.          0.          1.          0.          1.          1.
  0.          0.          0.          0.          0.          1.
  1.          0.          0.          1.          0.          1.
  1.          1.          0.          1.          1.          0.
  1.          1.          1.          1.          1.          0.
  0.          1.          1.          0.          1.          1.
  0.          1.          1.          0.          0.          1.
  1.          0.          0.69477999  0.34285757 -0.57236279] ,  2.9820653547968314
Best found data point and evaluation so far:				    [ 0.          0.          1.          1.          1.          0.
  0.          0.          0.          1.          0.          1.
  1.          0.          0.          0.          0.          1.
  0.          1.          1.          1.          1.          0.
  1.          0.          0.          0.          0.          0.
  0.          1.          0.          1.          0.          1.
  0.          0.          0.          1.          0.          1.
  1.          0.          1.          0.          0.          1.
  0.          1.         -0.78493281  0.92891268  0.84490639] ,  2.545291050529575
Best data point according to the model and predicted value:	    [ 2.19548451e-01  2.06615782e-01  9.92424912e-01  9.87769996e-01
  1.00000000e+00  0.00000000e+00  0.00000000e+00  4.23436891e-01
  4.66886912e-01  0.00000000e+00  1.00000000e+00  4.93458981e-01
  4.85684845e-01  3.02404816e-01  5.14770215e-03  0.00000000e+00
  0.00000000e+00  1.00000000e+00  0.00000000e+00  0.00000000e+00
  1.00000000e+00  3.41575499e-01  2.97883508e-01  8.28070111e-01
  8.35446507e-01  2.15371029e-01  1.87815302e-01  5.37193431e-03
  1.00000000e+00  0.00000000e+00  2.54523065e-01  2.16021727e-01
  3.26053061e-01  9.44404252e-01  6.76946338e-01  0.00000000e+00
  0.00000000e+00  1.97649787e-01  1.14303919e-04  1.00000000e+00
  1.00000000e+00  1.00000000e+00  2.05968691e-01  6.49522001e-01
  5.99993444e-01  2.65604128e-01  0.00000000e+00  9.95936499e-01
  9.86225444e-01  8.18268976e-01 -7.87006553e-01  9.24698061e-01
  8.48200839e-01] ,  -38.58851783960398
Best rounded	 point according to the model and predicted value: [ 0.          0.          1.          1.          1.          0.
  0.          0.          0.          0.          1.          0.
  0.          0.          0.          0.          0.          1.
  0.          0.          1.          0.          0.          1.
  1.          0.          0.          0.          1.          0.
  0.          0.          0.          1.          1.          0.
  0.          0.          0.          1.          1.          1.
  0.          1.          1.          0.          0.          1.
  1.          1.         -0.78700655  0.92469806  0.84820084] ,  -40.1577977418301
Suggested next data point and predicted value:				    [ 0.          1.          1.          1.          1.          0.
  0.          0.          1.          0.          1.          0.
  0.          0.          0.          0.          1.          1.
  0.          0.          1.          1.          1.          0.
  1.          1.          0.          0.          1.          0.
  0.          0.          0.          0.          0.          1.
  1.          0.          1.          1.          1.          1.
  0.          0.          0.          0.          0.          0.
  1.          1.         -0.10501282 -0.28051742 -0.07671676] ,  -11.19806212045581


 MVDONE iteration:  8
Time spent training the model:				  0.0
Time spent finding the minimum of the model:  0.1099998950958252
Total computation time for this iteration:	 0.1099998950958252
Current time:  1585319113.254718
Evaluated data point and evaluation:						    [ 0.          1.          1.          1.          1.          0.
  0.          0.          1.          0.          1.          0.
  0.          0.          0.          0.          1.          1.
  0.          0.          1.          1.          1.          0.
  1.          1.          0.          0.          1.          0.
  0.          0.          0.          0.          0.          1.
  1.          0.          1.          1.          1.          1.
  0.          0.          0.          0.          0.          0.
  1.          1.         -0.10501282 -0.28051742 -0.07671676] ,  2.4994720917485678
Predicted value at evaluated data point (after learning)        [ 0.          1.          1.          1.          1.          0.
  0.          0.          1.          0.          1.          0.
  0.          0.          0.          0.          1.          1.
  0.          0.          1.          1.          1.          0.
  1.          1.          0.          0.          1.          0.
  0.          0.          0.          0.          0.          1.
  1.          0.          1.          1.          1.          1.
  0.          0.          0.          0.          0.          0.
  1.          1.         -0.10501282 -0.28051742 -0.07671676] ,  2.4994720895864875
Best found data point and evaluation so far:				    [ 0.          1.          1.          1.          1.          0.
  0.          0.          1.          0.          1.          0.
  0.          0.          0.          0.          1.          1.
  0.          0.          1.          1.          1.          0.
  1.          1.          0.          0.          1.          0.
  0.          0.          0.          0.          0.          1.
  1.          0.          1.          1.          1.          1.
  0.          0.          0.          0.          0.          0.
  1.          1.         -0.10501282 -0.28051742 -0.07671676] ,  2.4994720917485678
Best data point according to the model and predicted value:	    [ 0.41654698  0.39613592  0.98847216  0.98767443  1.          0.
  0.          0.37970291  0.35707934  0.33985628  0.50614025  0.44410409
  0.44607418  0.05171207  0.00200619  0.          0.          1.
  0.          0.00651891  1.          0.04397364  0.03595892  1.
  0.99312504  0.37058934  0.39469211  0.38906647  0.67488206  0.01771921
  0.08555404  0.07211941  0.40209865  0.99528496  1.          0.
  0.          0.58544423  0.          1.          1.          1.
  0.64776595  0.65443581  0.62409507  0.55198518  0.          1.
  0.92077202  0.79385265 -0.10781536 -0.28632644 -0.07196577] ,  -38.89789755261653
Best rounded	 point according to the model and predicted value: [ 0.          0.          1.          1.          1.          0.
  0.          0.          0.          0.          1.          0.
  0.          0.          0.          0.          0.          1.
  0.          0.          1.          0.          0.          1.
  1.          0.          0.          0.          1.          0.
  0.          0.          0.          1.          1.          0.
  0.          1.          0.          1.          1.          1.
  1.          1.          1.          1.          0.          1.
  1.          1.         -0.10781536 -0.28632644 -0.07196577] ,  -39.08879180650881
Suggested next data point and predicted value:				    [ 1.          0.          0.          1.          1.          0.
  0.          0.          0.          0.          1.          0.
  1.          0.          1.          1.          1.          0.
  0.          0.          0.          0.          1.          0.
  0.          0.          1.          1.          1.          0.
  1.          0.          0.          1.          0.          0.
  1.          0.          0.          0.          0.          0.
  1.          0.          1.          1.          0.          1.
  0.          1.         -0.41538928  0.44392758 -0.68774058] ,  28.6430442231569
