

 MVDONE iteration:  0
Time spent training the model:				  0.0
Time spent finding the minimum of the model:  0.08999991416931152
Total computation time for this iteration:	 0.08999991416931152
Current time:  1585003758.6656258
Evaluated data point and evaluation:						    [ 2.          0.          4.         -0.59447431 -1.05628428 -1.11012689
  1.4805184  -1.60908535  0.52733125 -1.53028454] ,  19.45878070302793
Predicted value at evaluated data point (after learning)        [ 2.          0.          4.         -0.59447431 -1.05628428 -1.11012689
  1.4805184  -1.60908535  0.52733125 -1.53028454] ,  19.458780744049804
Best found data point and evaluation so far:				    [ 2.          0.          4.         -0.59447431 -1.05628428 -1.11012689
  1.4805184  -1.60908535  0.52733125 -1.53028454] ,  19.45878070302793
Best data point according to the model and predicted value:	    [ 2.02999196  0.53311803  3.53311585 -0.60073804 -0.96272103 -1.18909135
  1.5295825  -1.57148233  0.39196857 -1.66773234] ,  8.201062291651441
Best rounded	 point according to the model and predicted value: [ 2.          1.          4.         -0.60073804 -0.96272103 -1.18909135
  1.5295825  -1.57148233  0.39196857 -1.66773234] ,  13.330779646655742
Suggested next data point and predicted value:				    [ 1.          4.          3.          1.92415186  1.86838974 -1.57344913
  1.78895541  1.9325646   1.51074118  1.7455925 ] ,  833.4788317226493


 MVDONE iteration:  1
Time spent training the model:				  0.0
Time spent finding the minimum of the model:  0.09999990463256836
Total computation time for this iteration:	 0.09999990463256836
Current time:  1585003758.775626
Evaluated data point and evaluation:						    [ 1.          4.          3.          1.92415186  1.86838974 -1.57344913
  1.78895541  1.9325646   1.51074118  1.7455925 ] ,  15.776107136314053
Predicted value at evaluated data point (after learning)        [ 1.          4.          3.          1.92415186  1.86838974 -1.57344913
  1.78895541  1.9325646   1.51074118  1.7455925 ] ,  15.776107168235427
Best found data point and evaluation so far:				    [ 1.          4.          3.          1.92415186  1.86838974 -1.57344913
  1.78895541  1.9325646   1.51074118  1.7455925 ] ,  15.776107136314053
Best data point according to the model and predicted value:	    [ 1.00029746  1.88055132  3.83699685  2.          2.         -2.
  2.          2.         -2.         -2.        ] ,  -245.89518109297651
Best rounded	 point according to the model and predicted value: [ 1.  2.  4.  2.  2. -2.  2.  2. -2. -2.] ,  -248.3081150633246
Suggested next data point and predicted value:				    [ 0.          3.          4.          0.12397322 -1.88268069 -0.71289117
  1.89935201  1.70193764  1.26842564 -1.0389621 ] ,  -67.2541056676379


 MVDONE iteration:  2
Time spent training the model:				  0.0
Time spent finding the minimum of the model:  0.08999991416931152
Total computation time for this iteration:	 0.08999991416931152
Current time:  1585003758.8656259
Evaluated data point and evaluation:						    [ 0.          3.          4.          0.12397322 -1.88268069 -0.71289117
  1.89935201  1.70193764  1.26842564 -1.0389621 ] ,  20.73799633593666
Predicted value at evaluated data point (after learning)        [ 0.          3.          4.          0.12397322 -1.88268069 -0.71289117
  1.89935201  1.70193764  1.26842564 -1.0389621 ] ,  20.737996307728498
Best found data point and evaluation so far:				    [ 1.          4.          3.          1.92415186  1.86838974 -1.57344913
  1.78895541  1.9325646   1.51074118  1.7455925 ] ,  15.776107136314053
Best data point according to the model and predicted value:	    [ 2.00775414  1.99748594  3.0020275   1.96014233  2.         -2.
  1.93542842  2.          1.13941043  1.22603557] ,  -187.43484147896405
Best rounded	 point according to the model and predicted value: [ 2.          2.          3.          1.96014233  2.         -2.
  1.93542842  2.          1.13941043  1.22603557] ,  -187.8794740469842
Suggested next data point and predicted value:				    [ 2.          2.          3.          1.96014233  2.         -2.
  1.93542842  2.          1.13941043  1.22603557] ,  -187.8794740469842
Model c parameters:  [[-3.34190906e-01  3.27854655e-01  1.14496368e+00  8.07009238e-01
   1.00376353e+00  1.00000000e+00  6.69572628e-01  1.00000000e+00
   3.35381722e-01  2.90235748e-01  8.07009238e-01  4.31435891e-01
   6.14018476e-01  5.72636035e-01  4.21027713e-01  7.13836179e-01
   3.73000629e-01 -5.05998027e-02  1.00000000e+00  2.83591103e-01
   1.00000000e+00  6.17782009e-01  1.00000000e+00  9.51972915e-01
   7.13836179e-01 -3.74382531e-01  1.00000000e+00 -4.01916248e-02
   1.00000000e+00  2.93999281e-01  8.07009238e-01  4.35199425e-01
   6.14018476e-01  5.76399569e-01  4.21027713e-01  7.17599712e-01
   2.28036951e-01  8.58799856e-01  3.50461891e-02  1.00000000e+00
  -2.99144717e-01 -6.77599174e-01  1.00000000e+00 -3.43408268e-01
   1.00000000e+00 -9.21736229e-03  1.00000000e+00  3.24973544e-01
   7.13836179e-01  3.73000629e-01  4.27672358e-01  4.21027713e-01
   2.86472214e-01  6.14018476e-01  1.45272070e-01  8.07009238e-01
  -9.95928073e-01 -1.13922529e-01 -1.88305715e-01  0.00000000e+00
  -7.54321477e-02  0.00000000e+00  0.00000000e+00 -1.88188084e-01
  -6.75427881e-02  0.00000000e+00 -7.23370678e-02  0.00000000e+00
  -1.14555743e-01 -1.68867109e-03 -8.35382250e-02 -3.95238550e-02
  -2.06921285e-01 -1.29795526e-01  0.00000000e+00  0.00000000e+00
   0.00000000e+00 -2.10312721e-01  0.00000000e+00 -1.93367844e-01
   0.00000000e+00 -7.63706517e-02 -1.39215875e-01 -2.32954185e-01
   0.00000000e+00  0.00000000e+00  0.00000000e+00  0.00000000e+00
   0.00000000e+00  0.00000000e+00  0.00000000e+00  0.00000000e+00
   0.00000000e+00  0.00000000e+00 -5.89077427e-02 -1.76525061e-01
  -1.05270507e-01 -1.42913108e-01 -7.32923207e-02  0.00000000e+00
  -2.62324933e-01  0.00000000e+00 -2.12500823e-01  0.00000000e+00
  -8.42864316e-02 -1.52978187e-01  0.00000000e+00  0.00000000e+00
  -2.32486581e-01 -2.33556066e-01 -2.60228667e-01 -2.01996297e-02
   0.00000000e+00 -1.36598735e-01 -5.33248809e-01  0.00000000e+00
  -1.33426779e-01  0.00000000e+00 -4.88545235e-01 -4.95687523e-01
   0.00000000e+00 -1.73582887e-01 -1.79413290e-01 -4.33043739e-01
  -2.27311499e-01  0.00000000e+00 -7.67270060e-02  0.00000000e+00
  -1.96105294e-01 -2.36756498e-02  0.00000000e+00 -2.19451495e-01
  -5.15597821e-01 -1.34284366e-01 -1.50575303e-01  0.00000000e+00
  -2.44996149e-01  0.00000000e+00 -2.88595019e-02 -2.64348874e-01
   0.00000000e+00  0.00000000e+00 -2.58973099e-01 -3.55816121e-01
  -1.67391191e-01 -2.50434098e-01 -3.23854271e-01 -2.39779943e-01
   0.00000000e+00 -3.08320351e-02  0.00000000e+00  0.00000000e+00
   0.00000000e+00 -1.88118001e-01  0.00000000e+00  0.00000000e+00
  -2.27240790e-01  0.00000000e+00  0.00000000e+00  0.00000000e+00
   0.00000000e+00 -5.09322758e-03  0.00000000e+00 -2.35617907e-01
  -6.82870943e-02 -2.08162762e-02  0.00000000e+00 -2.31658532e-01
  -2.08262507e-01 -1.01017486e-01  0.00000000e+00 -1.09018812e-01
   0.00000000e+00  0.00000000e+00  0.00000000e+00  0.00000000e+00
  -1.28758687e-01 -1.86930822e-01  0.00000000e+00 -9.68288064e-02
  -1.68695421e-01  0.00000000e+00  0.00000000e+00  2.54893212e-04
   0.00000000e+00 -3.49602340e-02 -1.53343772e-01 -8.50084016e-03
   0.00000000e+00  0.00000000e+00]]
Model W parameters:  [[ 0.00000000e+00  1.00000000e+00 -1.00000000e+00  1.00000000e+00
  -1.00000000e+00  1.00000000e+00 -1.00000000e+00  1.00000000e+00
  -1.00000000e+00  0.00000000e+00  0.00000000e+00  0.00000000e+00
   0.00000000e+00  0.00000000e+00  0.00000000e+00  0.00000000e+00
   0.00000000e+00  0.00000000e+00  0.00000000e+00  0.00000000e+00
   0.00000000e+00  0.00000000e+00  0.00000000e+00  0.00000000e+00
   0.00000000e+00 -1.00000000e+00  1.00000000e+00 -1.00000000e+00
   1.00000000e+00 -1.00000000e+00  1.00000000e+00 -1.00000000e+00
   1.00000000e+00 -1.00000000e+00  1.00000000e+00 -1.00000000e+00
   1.00000000e+00 -1.00000000e+00  1.00000000e+00 -1.00000000e+00
   1.00000000e+00  0.00000000e+00  0.00000000e+00  0.00000000e+00
   0.00000000e+00  0.00000000e+00  0.00000000e+00  0.00000000e+00
   0.00000000e+00  0.00000000e+00  0.00000000e+00  0.00000000e+00
   0.00000000e+00  0.00000000e+00  0.00000000e+00  0.00000000e+00
   0.00000000e+00  6.99063863e-02  6.99063863e-02  6.99063863e-02
   6.99063863e-02  6.99063863e-02  6.99063863e-02  6.99063863e-02
   6.99063863e-02  6.99063863e-02  6.99063863e-02  6.99063863e-02
   6.99063863e-02  6.99063863e-02  6.99063863e-02  6.99063863e-02
   6.99063863e-02  6.99063863e-02  6.99063863e-02  6.99063863e-02
   8.18894131e-02  8.18894131e-02  8.18894131e-02  8.18894131e-02
   8.18894131e-02  8.18894131e-02  8.18894131e-02  8.18894131e-02
   8.18894131e-02  8.18894131e-02  8.18894131e-02  8.18894131e-02
   8.18894131e-02  8.18894131e-02  8.18894131e-02  8.18894131e-02
   8.18894131e-02  8.18894131e-02  8.18894131e-02 -2.92750700e-02
  -2.92750700e-02 -2.92750700e-02 -2.92750700e-02 -2.92750700e-02
  -2.92750700e-02 -2.92750700e-02 -2.92750700e-02 -2.92750700e-02
  -2.92750700e-02 -2.92750700e-02 -2.92750700e-02 -2.92750700e-02
  -2.92750700e-02 -2.92750700e-02 -2.92750700e-02 -2.92750700e-02
  -2.92750700e-02 -2.92750700e-02 -5.95101037e-02 -5.95101037e-02
  -5.95101037e-02 -5.95101037e-02 -5.95101037e-02 -5.95101037e-02
  -5.95101037e-02 -5.95101037e-02 -5.95101037e-02 -5.95101037e-02
  -5.95101037e-02 -5.95101037e-02 -5.95101037e-02 -5.95101037e-02
  -5.95101037e-02 -5.95101037e-02 -5.95101037e-02 -5.95101037e-02
  -5.95101037e-02 -8.82691614e-02 -8.82691614e-02 -8.82691614e-02
  -8.82691614e-02 -8.82691614e-02 -8.82691614e-02 -8.82691614e-02
  -8.82691614e-02 -8.82691614e-02 -8.82691614e-02 -8.82691614e-02
  -8.82691614e-02 -8.82691614e-02 -8.82691614e-02 -8.82691614e-02
  -8.82691614e-02 -8.82691614e-02 -8.82691614e-02 -8.82691614e-02
   3.62630154e-02  3.62630154e-02  3.62630154e-02  3.62630154e-02
   3.62630154e-02  3.62630154e-02  3.62630154e-02  3.62630154e-02
   3.62630154e-02  3.62630154e-02  3.62630154e-02  3.62630154e-02
   3.62630154e-02  3.62630154e-02  3.62630154e-02  3.62630154e-02
   3.62630154e-02  3.62630154e-02  3.62630154e-02 -9.83673367e-03
  -9.83673367e-03 -9.83673367e-03 -9.83673367e-03 -9.83673367e-03
  -9.83673367e-03 -9.83673367e-03 -9.83673367e-03 -9.83673367e-03
  -9.83673367e-03 -9.83673367e-03 -9.83673367e-03 -9.83673367e-03
  -9.83673367e-03 -9.83673367e-03 -9.83673367e-03 -9.83673367e-03
  -9.83673367e-03 -9.83673367e-03]
 [ 0.00000000e+00  0.00000000e+00  0.00000000e+00  0.00000000e+00
   0.00000000e+00  0.00000000e+00  0.00000000e+00  0.00000000e+00
   0.00000000e+00  1.00000000e+00 -1.00000000e+00  1.00000000e+00
  -1.00000000e+00  1.00000000e+00 -1.00000000e+00  1.00000000e+00
  -1.00000000e+00  0.00000000e+00  0.00000000e+00  0.00000000e+00
   0.00000000e+00  0.00000000e+00  0.00000000e+00  0.00000000e+00
   0.00000000e+00  1.00000000e+00 -1.00000000e+00  1.00000000e+00
  -1.00000000e+00  1.00000000e+00 -1.00000000e+00  1.00000000e+00
  -1.00000000e+00  1.00000000e+00 -1.00000000e+00  1.00000000e+00
  -1.00000000e+00  1.00000000e+00 -1.00000000e+00  1.00000000e+00
  -1.00000000e+00 -1.00000000e+00  1.00000000e+00 -1.00000000e+00
   1.00000000e+00 -1.00000000e+00  1.00000000e+00 -1.00000000e+00
   1.00000000e+00 -1.00000000e+00  1.00000000e+00 -1.00000000e+00
   1.00000000e+00 -1.00000000e+00  1.00000000e+00 -1.00000000e+00
   1.00000000e+00 -2.38143161e-02 -2.38143161e-02 -2.38143161e-02
  -2.38143161e-02 -2.38143161e-02 -2.38143161e-02 -2.38143161e-02
  -2.38143161e-02 -2.38143161e-02 -2.38143161e-02 -2.38143161e-02
  -2.38143161e-02 -2.38143161e-02 -2.38143161e-02 -2.38143161e-02
  -2.38143161e-02 -2.38143161e-02 -2.38143161e-02 -2.38143161e-02
   6.74905707e-02  6.74905707e-02  6.74905707e-02  6.74905707e-02
   6.74905707e-02  6.74905707e-02  6.74905707e-02  6.74905707e-02
   6.74905707e-02  6.74905707e-02  6.74905707e-02  6.74905707e-02
   6.74905707e-02  6.74905707e-02  6.74905707e-02  6.74905707e-02
   6.74905707e-02  6.74905707e-02  6.74905707e-02 -2.89472888e-02
  -2.89472888e-02 -2.89472888e-02 -2.89472888e-02 -2.89472888e-02
  -2.89472888e-02 -2.89472888e-02 -2.89472888e-02 -2.89472888e-02
  -2.89472888e-02 -2.89472888e-02 -2.89472888e-02 -2.89472888e-02
  -2.89472888e-02 -2.89472888e-02 -2.89472888e-02 -2.89472888e-02
  -2.89472888e-02 -2.89472888e-02 -5.01074545e-02 -5.01074545e-02
  -5.01074545e-02 -5.01074545e-02 -5.01074545e-02 -5.01074545e-02
  -5.01074545e-02 -5.01074545e-02 -5.01074545e-02 -5.01074545e-02
  -5.01074545e-02 -5.01074545e-02 -5.01074545e-02 -5.01074545e-02
  -5.01074545e-02 -5.01074545e-02 -5.01074545e-02 -5.01074545e-02
  -5.01074545e-02 -7.59011478e-02 -7.59011478e-02 -7.59011478e-02
  -7.59011478e-02 -7.59011478e-02 -7.59011478e-02 -7.59011478e-02
  -7.59011478e-02 -7.59011478e-02 -7.59011478e-02 -7.59011478e-02
  -7.59011478e-02 -7.59011478e-02 -7.59011478e-02 -7.59011478e-02
  -7.59011478e-02 -7.59011478e-02 -7.59011478e-02 -7.59011478e-02
  -3.40036800e-02 -3.40036800e-02 -3.40036800e-02 -3.40036800e-02
  -3.40036800e-02 -3.40036800e-02 -3.40036800e-02 -3.40036800e-02
  -3.40036800e-02 -3.40036800e-02 -3.40036800e-02 -3.40036800e-02
  -3.40036800e-02 -3.40036800e-02 -3.40036800e-02 -3.40036800e-02
  -3.40036800e-02 -3.40036800e-02 -3.40036800e-02  3.44807826e-02
   3.44807826e-02  3.44807826e-02  3.44807826e-02  3.44807826e-02
   3.44807826e-02  3.44807826e-02  3.44807826e-02  3.44807826e-02
   3.44807826e-02  3.44807826e-02  3.44807826e-02  3.44807826e-02
   3.44807826e-02  3.44807826e-02  3.44807826e-02  3.44807826e-02
   3.44807826e-02  3.44807826e-02]
 [ 0.00000000e+00  0.00000000e+00  0.00000000e+00  0.00000000e+00
   0.00000000e+00  0.00000000e+00  0.00000000e+00  0.00000000e+00
   0.00000000e+00  0.00000000e+00  0.00000000e+00  0.00000000e+00
   0.00000000e+00  0.00000000e+00  0.00000000e+00  0.00000000e+00
   0.00000000e+00  1.00000000e+00 -1.00000000e+00  1.00000000e+00
  -1.00000000e+00  1.00000000e+00 -1.00000000e+00  1.00000000e+00
  -1.00000000e+00  0.00000000e+00  0.00000000e+00  0.00000000e+00
   0.00000000e+00  0.00000000e+00  0.00000000e+00  0.00000000e+00
   0.00000000e+00  0.00000000e+00  0.00000000e+00  0.00000000e+00
   0.00000000e+00  0.00000000e+00  0.00000000e+00  0.00000000e+00
   0.00000000e+00  1.00000000e+00 -1.00000000e+00  1.00000000e+00
  -1.00000000e+00  1.00000000e+00 -1.00000000e+00  1.00000000e+00
  -1.00000000e+00  1.00000000e+00 -1.00000000e+00  1.00000000e+00
  -1.00000000e+00  1.00000000e+00 -1.00000000e+00  1.00000000e+00
  -1.00000000e+00  8.43739466e-02  8.43739466e-02  8.43739466e-02
   8.43739466e-02  8.43739466e-02  8.43739466e-02  8.43739466e-02
   8.43739466e-02  8.43739466e-02  8.43739466e-02  8.43739466e-02
   8.43739466e-02  8.43739466e-02  8.43739466e-02  8.43739466e-02
   8.43739466e-02  8.43739466e-02  8.43739466e-02  8.43739466e-02
  -3.38662005e-02 -3.38662005e-02 -3.38662005e-02 -3.38662005e-02
  -3.38662005e-02 -3.38662005e-02 -3.38662005e-02 -3.38662005e-02
  -3.38662005e-02 -3.38662005e-02 -3.38662005e-02 -3.38662005e-02
  -3.38662005e-02 -3.38662005e-02 -3.38662005e-02 -3.38662005e-02
  -3.38662005e-02 -3.38662005e-02 -3.38662005e-02 -1.71483945e-02
  -1.71483945e-02 -1.71483945e-02 -1.71483945e-02 -1.71483945e-02
  -1.71483945e-02 -1.71483945e-02 -1.71483945e-02 -1.71483945e-02
  -1.71483945e-02 -1.71483945e-02 -1.71483945e-02 -1.71483945e-02
  -1.71483945e-02 -1.71483945e-02 -1.71483945e-02 -1.71483945e-02
  -1.71483945e-02 -1.71483945e-02  9.57190901e-02  9.57190901e-02
   9.57190901e-02  9.57190901e-02  9.57190901e-02  9.57190901e-02
   9.57190901e-02  9.57190901e-02  9.57190901e-02  9.57190901e-02
   9.57190901e-02  9.57190901e-02  9.57190901e-02  9.57190901e-02
   9.57190901e-02  9.57190901e-02  9.57190901e-02  9.57190901e-02
   9.57190901e-02  9.12249025e-02  9.12249025e-02  9.12249025e-02
   9.12249025e-02  9.12249025e-02  9.12249025e-02  9.12249025e-02
   9.12249025e-02  9.12249025e-02  9.12249025e-02  9.12249025e-02
   9.12249025e-02  9.12249025e-02  9.12249025e-02  9.12249025e-02
   9.12249025e-02  9.12249025e-02  9.12249025e-02  9.12249025e-02
   8.18205645e-03  8.18205645e-03  8.18205645e-03  8.18205645e-03
   8.18205645e-03  8.18205645e-03  8.18205645e-03  8.18205645e-03
   8.18205645e-03  8.18205645e-03  8.18205645e-03  8.18205645e-03
   8.18205645e-03  8.18205645e-03  8.18205645e-03  8.18205645e-03
   8.18205645e-03  8.18205645e-03  8.18205645e-03 -1.02328212e-04
  -1.02328212e-04 -1.02328212e-04 -1.02328212e-04 -1.02328212e-04
  -1.02328212e-04 -1.02328212e-04 -1.02328212e-04 -1.02328212e-04
  -1.02328212e-04 -1.02328212e-04 -1.02328212e-04 -1.02328212e-04
  -1.02328212e-04 -1.02328212e-04 -1.02328212e-04 -1.02328212e-04
  -1.02328212e-04 -1.02328212e-04]
 [ 0.00000000e+00  0.00000000e+00  0.00000000e+00  0.00000000e+00
   0.00000000e+00  0.00000000e+00  0.00000000e+00  0.00000000e+00
   0.00000000e+00  0.00000000e+00  0.00000000e+00  0.00000000e+00
   0.00000000e+00  0.00000000e+00  0.00000000e+00  0.00000000e+00
   0.00000000e+00  0.00000000e+00  0.00000000e+00  0.00000000e+00
   0.00000000e+00  0.00000000e+00  0.00000000e+00  0.00000000e+00
   0.00000000e+00  0.00000000e+00  0.00000000e+00  0.00000000e+00
   0.00000000e+00  0.00000000e+00  0.00000000e+00  0.00000000e+00
   0.00000000e+00  0.00000000e+00  0.00000000e+00  0.00000000e+00
   0.00000000e+00  0.00000000e+00  0.00000000e+00  0.00000000e+00
   0.00000000e+00  0.00000000e+00  0.00000000e+00  0.00000000e+00
   0.00000000e+00  0.00000000e+00  0.00000000e+00  0.00000000e+00
   0.00000000e+00  0.00000000e+00  0.00000000e+00  0.00000000e+00
   0.00000000e+00  0.00000000e+00  0.00000000e+00  0.00000000e+00
   0.00000000e+00 -5.22513050e-02 -5.22513050e-02 -5.22513050e-02
  -5.22513050e-02 -5.22513050e-02 -5.22513050e-02 -5.22513050e-02
  -5.22513050e-02 -5.22513050e-02 -5.22513050e-02 -5.22513050e-02
  -5.22513050e-02 -5.22513050e-02 -5.22513050e-02 -5.22513050e-02
  -5.22513050e-02 -5.22513050e-02 -5.22513050e-02 -5.22513050e-02
  -9.44489440e-02 -9.44489440e-02 -9.44489440e-02 -9.44489440e-02
  -9.44489440e-02 -9.44489440e-02 -9.44489440e-02 -9.44489440e-02
  -9.44489440e-02 -9.44489440e-02 -9.44489440e-02 -9.44489440e-02
  -9.44489440e-02 -9.44489440e-02 -9.44489440e-02 -9.44489440e-02
  -9.44489440e-02 -9.44489440e-02 -9.44489440e-02 -4.14464096e-02
  -4.14464096e-02 -4.14464096e-02 -4.14464096e-02 -4.14464096e-02
  -4.14464096e-02 -4.14464096e-02 -4.14464096e-02 -4.14464096e-02
  -4.14464096e-02 -4.14464096e-02 -4.14464096e-02 -4.14464096e-02
  -4.14464096e-02 -4.14464096e-02 -4.14464096e-02 -4.14464096e-02
  -4.14464096e-02 -4.14464096e-02  8.40428268e-02  8.40428268e-02
   8.40428268e-02  8.40428268e-02  8.40428268e-02  8.40428268e-02
   8.40428268e-02  8.40428268e-02  8.40428268e-02  8.40428268e-02
   8.40428268e-02  8.40428268e-02  8.40428268e-02  8.40428268e-02
   8.40428268e-02  8.40428268e-02  8.40428268e-02  8.40428268e-02
   8.40428268e-02  9.65693155e-04  9.65693155e-04  9.65693155e-04
   9.65693155e-04  9.65693155e-04  9.65693155e-04  9.65693155e-04
   9.65693155e-04  9.65693155e-04  9.65693155e-04  9.65693155e-04
   9.65693155e-04  9.65693155e-04  9.65693155e-04  9.65693155e-04
   9.65693155e-04  9.65693155e-04  9.65693155e-04  9.65693155e-04
   3.74629859e-04  3.74629859e-04  3.74629859e-04  3.74629859e-04
   3.74629859e-04  3.74629859e-04  3.74629859e-04  3.74629859e-04
   3.74629859e-04  3.74629859e-04  3.74629859e-04  3.74629859e-04
   3.74629859e-04  3.74629859e-04  3.74629859e-04  3.74629859e-04
   3.74629859e-04  3.74629859e-04  3.74629859e-04 -6.55142795e-02
  -6.55142795e-02 -6.55142795e-02 -6.55142795e-02 -6.55142795e-02
  -6.55142795e-02 -6.55142795e-02 -6.55142795e-02 -6.55142795e-02
  -6.55142795e-02 -6.55142795e-02 -6.55142795e-02 -6.55142795e-02
  -6.55142795e-02 -6.55142795e-02 -6.55142795e-02 -6.55142795e-02
  -6.55142795e-02 -6.55142795e-02]
 [ 0.00000000e+00  0.00000000e+00  0.00000000e+00  0.00000000e+00
   0.00000000e+00  0.00000000e+00  0.00000000e+00  0.00000000e+00
   0.00000000e+00  0.00000000e+00  0.00000000e+00  0.00000000e+00
   0.00000000e+00  0.00000000e+00  0.00000000e+00  0.00000000e+00
   0.00000000e+00  0.00000000e+00  0.00000000e+00  0.00000000e+00
   0.00000000e+00  0.00000000e+00  0.00000000e+00  0.00000000e+00
   0.00000000e+00  0.00000000e+00  0.00000000e+00  0.00000000e+00
   0.00000000e+00  0.00000000e+00  0.00000000e+00  0.00000000e+00
   0.00000000e+00  0.00000000e+00  0.00000000e+00  0.00000000e+00
   0.00000000e+00  0.00000000e+00  0.00000000e+00  0.00000000e+00
   0.00000000e+00  0.00000000e+00  0.00000000e+00  0.00000000e+00
   0.00000000e+00  0.00000000e+00  0.00000000e+00  0.00000000e+00
   0.00000000e+00  0.00000000e+00  0.00000000e+00  0.00000000e+00
   0.00000000e+00  0.00000000e+00  0.00000000e+00  0.00000000e+00
   0.00000000e+00 -7.77886688e-02 -7.77886688e-02 -7.77886688e-02
  -7.77886688e-02 -7.77886688e-02 -7.77886688e-02 -7.77886688e-02
  -7.77886688e-02 -7.77886688e-02 -7.77886688e-02 -7.77886688e-02
  -7.77886688e-02 -7.77886688e-02 -7.77886688e-02 -7.77886688e-02
  -7.77886688e-02 -7.77886688e-02 -7.77886688e-02 -7.77886688e-02
   5.28559305e-02  5.28559305e-02  5.28559305e-02  5.28559305e-02
   5.28559305e-02  5.28559305e-02  5.28559305e-02  5.28559305e-02
   5.28559305e-02  5.28559305e-02  5.28559305e-02  5.28559305e-02
   5.28559305e-02  5.28559305e-02  5.28559305e-02  5.28559305e-02
   5.28559305e-02  5.28559305e-02  5.28559305e-02  4.13866351e-02
   4.13866351e-02  4.13866351e-02  4.13866351e-02  4.13866351e-02
   4.13866351e-02  4.13866351e-02  4.13866351e-02  4.13866351e-02
   4.13866351e-02  4.13866351e-02  4.13866351e-02  4.13866351e-02
   4.13866351e-02  4.13866351e-02  4.13866351e-02  4.13866351e-02
   4.13866351e-02  4.13866351e-02  5.45717558e-02  5.45717558e-02
   5.45717558e-02  5.45717558e-02  5.45717558e-02  5.45717558e-02
   5.45717558e-02  5.45717558e-02  5.45717558e-02  5.45717558e-02
   5.45717558e-02  5.45717558e-02  5.45717558e-02  5.45717558e-02
   5.45717558e-02  5.45717558e-02  5.45717558e-02  5.45717558e-02
   5.45717558e-02  6.29056413e-02  6.29056413e-02  6.29056413e-02
   6.29056413e-02  6.29056413e-02  6.29056413e-02  6.29056413e-02
   6.29056413e-02  6.29056413e-02  6.29056413e-02  6.29056413e-02
   6.29056413e-02  6.29056413e-02  6.29056413e-02  6.29056413e-02
   6.29056413e-02  6.29056413e-02  6.29056413e-02  6.29056413e-02
   6.77696320e-02  6.77696320e-02  6.77696320e-02  6.77696320e-02
   6.77696320e-02  6.77696320e-02  6.77696320e-02  6.77696320e-02
   6.77696320e-02  6.77696320e-02  6.77696320e-02  6.77696320e-02
   6.77696320e-02  6.77696320e-02  6.77696320e-02  6.77696320e-02
   6.77696320e-02  6.77696320e-02  6.77696320e-02 -4.21177713e-02
  -4.21177713e-02 -4.21177713e-02 -4.21177713e-02 -4.21177713e-02
  -4.21177713e-02 -4.21177713e-02 -4.21177713e-02 -4.21177713e-02
  -4.21177713e-02 -4.21177713e-02 -4.21177713e-02 -4.21177713e-02
  -4.21177713e-02 -4.21177713e-02 -4.21177713e-02 -4.21177713e-02
  -4.21177713e-02 -4.21177713e-02]
 [ 0.00000000e+00  0.00000000e+00  0.00000000e+00  0.00000000e+00
   0.00000000e+00  0.00000000e+00  0.00000000e+00  0.00000000e+00
   0.00000000e+00  0.00000000e+00  0.00000000e+00  0.00000000e+00
   0.00000000e+00  0.00000000e+00  0.00000000e+00  0.00000000e+00
   0.00000000e+00  0.00000000e+00  0.00000000e+00  0.00000000e+00
   0.00000000e+00  0.00000000e+00  0.00000000e+00  0.00000000e+00
   0.00000000e+00  0.00000000e+00  0.00000000e+00  0.00000000e+00
   0.00000000e+00  0.00000000e+00  0.00000000e+00  0.00000000e+00
   0.00000000e+00  0.00000000e+00  0.00000000e+00  0.00000000e+00
   0.00000000e+00  0.00000000e+00  0.00000000e+00  0.00000000e+00
   0.00000000e+00  0.00000000e+00  0.00000000e+00  0.00000000e+00
   0.00000000e+00  0.00000000e+00  0.00000000e+00  0.00000000e+00
   0.00000000e+00  0.00000000e+00  0.00000000e+00  0.00000000e+00
   0.00000000e+00  0.00000000e+00  0.00000000e+00  0.00000000e+00
   0.00000000e+00 -9.80936621e-03 -9.80936621e-03 -9.80936621e-03
  -9.80936621e-03 -9.80936621e-03 -9.80936621e-03 -9.80936621e-03
  -9.80936621e-03 -9.80936621e-03 -9.80936621e-03 -9.80936621e-03
  -9.80936621e-03 -9.80936621e-03 -9.80936621e-03 -9.80936621e-03
  -9.80936621e-03 -9.80936621e-03 -9.80936621e-03 -9.80936621e-03
   9.95394698e-02  9.95394698e-02  9.95394698e-02  9.95394698e-02
   9.95394698e-02  9.95394698e-02  9.95394698e-02  9.95394698e-02
   9.95394698e-02  9.95394698e-02  9.95394698e-02  9.95394698e-02
   9.95394698e-02  9.95394698e-02  9.95394698e-02  9.95394698e-02
   9.95394698e-02  9.95394698e-02  9.95394698e-02 -9.67365386e-02
  -9.67365386e-02 -9.67365386e-02 -9.67365386e-02 -9.67365386e-02
  -9.67365386e-02 -9.67365386e-02 -9.67365386e-02 -9.67365386e-02
  -9.67365386e-02 -9.67365386e-02 -9.67365386e-02 -9.67365386e-02
  -9.67365386e-02 -9.67365386e-02 -9.67365386e-02 -9.67365386e-02
  -9.67365386e-02 -9.67365386e-02 -8.59523668e-02 -8.59523668e-02
  -8.59523668e-02 -8.59523668e-02 -8.59523668e-02 -8.59523668e-02
  -8.59523668e-02 -8.59523668e-02 -8.59523668e-02 -8.59523668e-02
  -8.59523668e-02 -8.59523668e-02 -8.59523668e-02 -8.59523668e-02
  -8.59523668e-02 -8.59523668e-02 -8.59523668e-02 -8.59523668e-02
  -8.59523668e-02  1.99364102e-02  1.99364102e-02  1.99364102e-02
   1.99364102e-02  1.99364102e-02  1.99364102e-02  1.99364102e-02
   1.99364102e-02  1.99364102e-02  1.99364102e-02  1.99364102e-02
   1.99364102e-02  1.99364102e-02  1.99364102e-02  1.99364102e-02
   1.99364102e-02  1.99364102e-02  1.99364102e-02  1.99364102e-02
   6.09226512e-02  6.09226512e-02  6.09226512e-02  6.09226512e-02
   6.09226512e-02  6.09226512e-02  6.09226512e-02  6.09226512e-02
   6.09226512e-02  6.09226512e-02  6.09226512e-02  6.09226512e-02
   6.09226512e-02  6.09226512e-02  6.09226512e-02  6.09226512e-02
   6.09226512e-02  6.09226512e-02  6.09226512e-02 -6.94395632e-02
  -6.94395632e-02 -6.94395632e-02 -6.94395632e-02 -6.94395632e-02
  -6.94395632e-02 -6.94395632e-02 -6.94395632e-02 -6.94395632e-02
  -6.94395632e-02 -6.94395632e-02 -6.94395632e-02 -6.94395632e-02
  -6.94395632e-02 -6.94395632e-02 -6.94395632e-02 -6.94395632e-02
  -6.94395632e-02 -6.94395632e-02]
 [ 0.00000000e+00  0.00000000e+00  0.00000000e+00  0.00000000e+00
   0.00000000e+00  0.00000000e+00  0.00000000e+00  0.00000000e+00
   0.00000000e+00  0.00000000e+00  0.00000000e+00  0.00000000e+00
   0.00000000e+00  0.00000000e+00  0.00000000e+00  0.00000000e+00
   0.00000000e+00  0.00000000e+00  0.00000000e+00  0.00000000e+00
   0.00000000e+00  0.00000000e+00  0.00000000e+00  0.00000000e+00
   0.00000000e+00  0.00000000e+00  0.00000000e+00  0.00000000e+00
   0.00000000e+00  0.00000000e+00  0.00000000e+00  0.00000000e+00
   0.00000000e+00  0.00000000e+00  0.00000000e+00  0.00000000e+00
   0.00000000e+00  0.00000000e+00  0.00000000e+00  0.00000000e+00
   0.00000000e+00  0.00000000e+00  0.00000000e+00  0.00000000e+00
   0.00000000e+00  0.00000000e+00  0.00000000e+00  0.00000000e+00
   0.00000000e+00  0.00000000e+00  0.00000000e+00  0.00000000e+00
   0.00000000e+00  0.00000000e+00  0.00000000e+00  0.00000000e+00
   0.00000000e+00 -1.22732944e-02 -1.22732944e-02 -1.22732944e-02
  -1.22732944e-02 -1.22732944e-02 -1.22732944e-02 -1.22732944e-02
  -1.22732944e-02 -1.22732944e-02 -1.22732944e-02 -1.22732944e-02
  -1.22732944e-02 -1.22732944e-02 -1.22732944e-02 -1.22732944e-02
  -1.22732944e-02 -1.22732944e-02 -1.22732944e-02 -1.22732944e-02
   2.69690566e-02  2.69690566e-02  2.69690566e-02  2.69690566e-02
   2.69690566e-02  2.69690566e-02  2.69690566e-02  2.69690566e-02
   2.69690566e-02  2.69690566e-02  2.69690566e-02  2.69690566e-02
   2.69690566e-02  2.69690566e-02  2.69690566e-02  2.69690566e-02
   2.69690566e-02  2.69690566e-02  2.69690566e-02 -4.13695143e-02
  -4.13695143e-02 -4.13695143e-02 -4.13695143e-02 -4.13695143e-02
  -4.13695143e-02 -4.13695143e-02 -4.13695143e-02 -4.13695143e-02
  -4.13695143e-02 -4.13695143e-02 -4.13695143e-02 -4.13695143e-02
  -4.13695143e-02 -4.13695143e-02 -4.13695143e-02 -4.13695143e-02
  -4.13695143e-02 -4.13695143e-02  3.70036632e-02  3.70036632e-02
   3.70036632e-02  3.70036632e-02  3.70036632e-02  3.70036632e-02
   3.70036632e-02  3.70036632e-02  3.70036632e-02  3.70036632e-02
   3.70036632e-02  3.70036632e-02  3.70036632e-02  3.70036632e-02
   3.70036632e-02  3.70036632e-02  3.70036632e-02  3.70036632e-02
   3.70036632e-02  9.36154403e-02  9.36154403e-02  9.36154403e-02
   9.36154403e-02  9.36154403e-02  9.36154403e-02  9.36154403e-02
   9.36154403e-02  9.36154403e-02  9.36154403e-02  9.36154403e-02
   9.36154403e-02  9.36154403e-02  9.36154403e-02  9.36154403e-02
   9.36154403e-02  9.36154403e-02  9.36154403e-02  9.36154403e-02
  -8.28660404e-02 -8.28660404e-02 -8.28660404e-02 -8.28660404e-02
  -8.28660404e-02 -8.28660404e-02 -8.28660404e-02 -8.28660404e-02
  -8.28660404e-02 -8.28660404e-02 -8.28660404e-02 -8.28660404e-02
  -8.28660404e-02 -8.28660404e-02 -8.28660404e-02 -8.28660404e-02
  -8.28660404e-02 -8.28660404e-02 -8.28660404e-02 -6.43242555e-02
  -6.43242555e-02 -6.43242555e-02 -6.43242555e-02 -6.43242555e-02
  -6.43242555e-02 -6.43242555e-02 -6.43242555e-02 -6.43242555e-02
  -6.43242555e-02 -6.43242555e-02 -6.43242555e-02 -6.43242555e-02
  -6.43242555e-02 -6.43242555e-02 -6.43242555e-02 -6.43242555e-02
  -6.43242555e-02 -6.43242555e-02]
 [ 0.00000000e+00  0.00000000e+00  0.00000000e+00  0.00000000e+00
   0.00000000e+00  0.00000000e+00  0.00000000e+00  0.00000000e+00
   0.00000000e+00  0.00000000e+00  0.00000000e+00  0.00000000e+00
   0.00000000e+00  0.00000000e+00  0.00000000e+00  0.00000000e+00
   0.00000000e+00  0.00000000e+00  0.00000000e+00  0.00000000e+00
   0.00000000e+00  0.00000000e+00  0.00000000e+00  0.00000000e+00
   0.00000000e+00  0.00000000e+00  0.00000000e+00  0.00000000e+00
   0.00000000e+00  0.00000000e+00  0.00000000e+00  0.00000000e+00
   0.00000000e+00  0.00000000e+00  0.00000000e+00  0.00000000e+00
   0.00000000e+00  0.00000000e+00  0.00000000e+00  0.00000000e+00
   0.00000000e+00  0.00000000e+00  0.00000000e+00  0.00000000e+00
   0.00000000e+00  0.00000000e+00  0.00000000e+00  0.00000000e+00
   0.00000000e+00  0.00000000e+00  0.00000000e+00  0.00000000e+00
   0.00000000e+00  0.00000000e+00  0.00000000e+00  0.00000000e+00
   0.00000000e+00 -1.92611196e-02 -1.92611196e-02 -1.92611196e-02
  -1.92611196e-02 -1.92611196e-02 -1.92611196e-02 -1.92611196e-02
  -1.92611196e-02 -1.92611196e-02 -1.92611196e-02 -1.92611196e-02
  -1.92611196e-02 -1.92611196e-02 -1.92611196e-02 -1.92611196e-02
  -1.92611196e-02 -1.92611196e-02 -1.92611196e-02 -1.92611196e-02
   5.78522738e-03  5.78522738e-03  5.78522738e-03  5.78522738e-03
   5.78522738e-03  5.78522738e-03  5.78522738e-03  5.78522738e-03
   5.78522738e-03  5.78522738e-03  5.78522738e-03  5.78522738e-03
   5.78522738e-03  5.78522738e-03  5.78522738e-03  5.78522738e-03
   5.78522738e-03  5.78522738e-03  5.78522738e-03  2.27036908e-02
   2.27036908e-02  2.27036908e-02  2.27036908e-02  2.27036908e-02
   2.27036908e-02  2.27036908e-02  2.27036908e-02  2.27036908e-02
   2.27036908e-02  2.27036908e-02  2.27036908e-02  2.27036908e-02
   2.27036908e-02  2.27036908e-02  2.27036908e-02  2.27036908e-02
   2.27036908e-02  2.27036908e-02  4.31543107e-02  4.31543107e-02
   4.31543107e-02  4.31543107e-02  4.31543107e-02  4.31543107e-02
   4.31543107e-02  4.31543107e-02  4.31543107e-02  4.31543107e-02
   4.31543107e-02  4.31543107e-02  4.31543107e-02  4.31543107e-02
   4.31543107e-02  4.31543107e-02  4.31543107e-02  4.31543107e-02
   4.31543107e-02 -9.22117415e-03 -9.22117415e-03 -9.22117415e-03
  -9.22117415e-03 -9.22117415e-03 -9.22117415e-03 -9.22117415e-03
  -9.22117415e-03 -9.22117415e-03 -9.22117415e-03 -9.22117415e-03
  -9.22117415e-03 -9.22117415e-03 -9.22117415e-03 -9.22117415e-03
  -9.22117415e-03 -9.22117415e-03 -9.22117415e-03 -9.22117415e-03
   2.26441973e-02  2.26441973e-02  2.26441973e-02  2.26441973e-02
   2.26441973e-02  2.26441973e-02  2.26441973e-02  2.26441973e-02
   2.26441973e-02  2.26441973e-02  2.26441973e-02  2.26441973e-02
   2.26441973e-02  2.26441973e-02  2.26441973e-02  2.26441973e-02
   2.26441973e-02  2.26441973e-02  2.26441973e-02  2.78047728e-03
   2.78047728e-03  2.78047728e-03  2.78047728e-03  2.78047728e-03
   2.78047728e-03  2.78047728e-03  2.78047728e-03  2.78047728e-03
   2.78047728e-03  2.78047728e-03  2.78047728e-03  2.78047728e-03
   2.78047728e-03  2.78047728e-03  2.78047728e-03  2.78047728e-03
   2.78047728e-03  2.78047728e-03]
 [ 0.00000000e+00  0.00000000e+00  0.00000000e+00  0.00000000e+00
   0.00000000e+00  0.00000000e+00  0.00000000e+00  0.00000000e+00
   0.00000000e+00  0.00000000e+00  0.00000000e+00  0.00000000e+00
   0.00000000e+00  0.00000000e+00  0.00000000e+00  0.00000000e+00
   0.00000000e+00  0.00000000e+00  0.00000000e+00  0.00000000e+00
   0.00000000e+00  0.00000000e+00  0.00000000e+00  0.00000000e+00
   0.00000000e+00  0.00000000e+00  0.00000000e+00  0.00000000e+00
   0.00000000e+00  0.00000000e+00  0.00000000e+00  0.00000000e+00
   0.00000000e+00  0.00000000e+00  0.00000000e+00  0.00000000e+00
   0.00000000e+00  0.00000000e+00  0.00000000e+00  0.00000000e+00
   0.00000000e+00  0.00000000e+00  0.00000000e+00  0.00000000e+00
   0.00000000e+00  0.00000000e+00  0.00000000e+00  0.00000000e+00
   0.00000000e+00  0.00000000e+00  0.00000000e+00  0.00000000e+00
   0.00000000e+00  0.00000000e+00  0.00000000e+00  0.00000000e+00
   0.00000000e+00 -9.90417387e-02 -9.90417387e-02 -9.90417387e-02
  -9.90417387e-02 -9.90417387e-02 -9.90417387e-02 -9.90417387e-02
  -9.90417387e-02 -9.90417387e-02 -9.90417387e-02 -9.90417387e-02
  -9.90417387e-02 -9.90417387e-02 -9.90417387e-02 -9.90417387e-02
  -9.90417387e-02 -9.90417387e-02 -9.90417387e-02 -9.90417387e-02
  -7.06422711e-02 -7.06422711e-02 -7.06422711e-02 -7.06422711e-02
  -7.06422711e-02 -7.06422711e-02 -7.06422711e-02 -7.06422711e-02
  -7.06422711e-02 -7.06422711e-02 -7.06422711e-02 -7.06422711e-02
  -7.06422711e-02 -7.06422711e-02 -7.06422711e-02 -7.06422711e-02
  -7.06422711e-02 -7.06422711e-02 -7.06422711e-02  5.43211582e-02
   5.43211582e-02  5.43211582e-02  5.43211582e-02  5.43211582e-02
   5.43211582e-02  5.43211582e-02  5.43211582e-02  5.43211582e-02
   5.43211582e-02  5.43211582e-02  5.43211582e-02  5.43211582e-02
   5.43211582e-02  5.43211582e-02  5.43211582e-02  5.43211582e-02
   5.43211582e-02  5.43211582e-02 -5.51018371e-02 -5.51018371e-02
  -5.51018371e-02 -5.51018371e-02 -5.51018371e-02 -5.51018371e-02
  -5.51018371e-02 -5.51018371e-02 -5.51018371e-02 -5.51018371e-02
  -5.51018371e-02 -5.51018371e-02 -5.51018371e-02 -5.51018371e-02
  -5.51018371e-02 -5.51018371e-02 -5.51018371e-02 -5.51018371e-02
  -5.51018371e-02 -3.05160043e-02 -3.05160043e-02 -3.05160043e-02
  -3.05160043e-02 -3.05160043e-02 -3.05160043e-02 -3.05160043e-02
  -3.05160043e-02 -3.05160043e-02 -3.05160043e-02 -3.05160043e-02
  -3.05160043e-02 -3.05160043e-02 -3.05160043e-02 -3.05160043e-02
  -3.05160043e-02 -3.05160043e-02 -3.05160043e-02 -3.05160043e-02
   3.25629940e-02  3.25629940e-02  3.25629940e-02  3.25629940e-02
   3.25629940e-02  3.25629940e-02  3.25629940e-02  3.25629940e-02
   3.25629940e-02  3.25629940e-02  3.25629940e-02  3.25629940e-02
   3.25629940e-02  3.25629940e-02  3.25629940e-02  3.25629940e-02
   3.25629940e-02  3.25629940e-02  3.25629940e-02 -3.55353389e-02
  -3.55353389e-02 -3.55353389e-02 -3.55353389e-02 -3.55353389e-02
  -3.55353389e-02 -3.55353389e-02 -3.55353389e-02 -3.55353389e-02
  -3.55353389e-02 -3.55353389e-02 -3.55353389e-02 -3.55353389e-02
  -3.55353389e-02 -3.55353389e-02 -3.55353389e-02 -3.55353389e-02
  -3.55353389e-02 -3.55353389e-02]
 [ 0.00000000e+00  0.00000000e+00  0.00000000e+00  0.00000000e+00
   0.00000000e+00  0.00000000e+00  0.00000000e+00  0.00000000e+00
   0.00000000e+00  0.00000000e+00  0.00000000e+00  0.00000000e+00
   0.00000000e+00  0.00000000e+00  0.00000000e+00  0.00000000e+00
   0.00000000e+00  0.00000000e+00  0.00000000e+00  0.00000000e+00
   0.00000000e+00  0.00000000e+00  0.00000000e+00  0.00000000e+00
   0.00000000e+00  0.00000000e+00  0.00000000e+00  0.00000000e+00
   0.00000000e+00  0.00000000e+00  0.00000000e+00  0.00000000e+00
   0.00000000e+00  0.00000000e+00  0.00000000e+00  0.00000000e+00
   0.00000000e+00  0.00000000e+00  0.00000000e+00  0.00000000e+00
   0.00000000e+00  0.00000000e+00  0.00000000e+00  0.00000000e+00
   0.00000000e+00  0.00000000e+00  0.00000000e+00  0.00000000e+00
   0.00000000e+00  0.00000000e+00  0.00000000e+00  0.00000000e+00
   0.00000000e+00  0.00000000e+00  0.00000000e+00  0.00000000e+00
   0.00000000e+00  3.39411979e-03  3.39411979e-03  3.39411979e-03
   3.39411979e-03  3.39411979e-03  3.39411979e-03  3.39411979e-03
   3.39411979e-03  3.39411979e-03  3.39411979e-03  3.39411979e-03
   3.39411979e-03  3.39411979e-03  3.39411979e-03  3.39411979e-03
   3.39411979e-03  3.39411979e-03  3.39411979e-03  3.39411979e-03
   1.25918733e-02  1.25918733e-02  1.25918733e-02  1.25918733e-02
   1.25918733e-02  1.25918733e-02  1.25918733e-02  1.25918733e-02
   1.25918733e-02  1.25918733e-02  1.25918733e-02  1.25918733e-02
   1.25918733e-02  1.25918733e-02  1.25918733e-02  1.25918733e-02
   1.25918733e-02  1.25918733e-02  1.25918733e-02  1.19064386e-02
   1.19064386e-02  1.19064386e-02  1.19064386e-02  1.19064386e-02
   1.19064386e-02  1.19064386e-02  1.19064386e-02  1.19064386e-02
   1.19064386e-02  1.19064386e-02  1.19064386e-02  1.19064386e-02
   1.19064386e-02  1.19064386e-02  1.19064386e-02  1.19064386e-02
   1.19064386e-02  1.19064386e-02 -7.30253427e-02 -7.30253427e-02
  -7.30253427e-02 -7.30253427e-02 -7.30253427e-02 -7.30253427e-02
  -7.30253427e-02 -7.30253427e-02 -7.30253427e-02 -7.30253427e-02
  -7.30253427e-02 -7.30253427e-02 -7.30253427e-02 -7.30253427e-02
  -7.30253427e-02 -7.30253427e-02 -7.30253427e-02 -7.30253427e-02
  -7.30253427e-02 -6.45575720e-02 -6.45575720e-02 -6.45575720e-02
  -6.45575720e-02 -6.45575720e-02 -6.45575720e-02 -6.45575720e-02
  -6.45575720e-02 -6.45575720e-02 -6.45575720e-02 -6.45575720e-02
  -6.45575720e-02 -6.45575720e-02 -6.45575720e-02 -6.45575720e-02
  -6.45575720e-02 -6.45575720e-02 -6.45575720e-02 -6.45575720e-02
  -9.10343038e-02 -9.10343038e-02 -9.10343038e-02 -9.10343038e-02
  -9.10343038e-02 -9.10343038e-02 -9.10343038e-02 -9.10343038e-02
  -9.10343038e-02 -9.10343038e-02 -9.10343038e-02 -9.10343038e-02
  -9.10343038e-02 -9.10343038e-02 -9.10343038e-02 -9.10343038e-02
  -9.10343038e-02 -9.10343038e-02 -9.10343038e-02  6.46976886e-02
   6.46976886e-02  6.46976886e-02  6.46976886e-02  6.46976886e-02
   6.46976886e-02  6.46976886e-02  6.46976886e-02  6.46976886e-02
   6.46976886e-02  6.46976886e-02  6.46976886e-02  6.46976886e-02
   6.46976886e-02  6.46976886e-02  6.46976886e-02  6.46976886e-02
   6.46976886e-02  6.46976886e-02]]
Model B parameters:  [[ 1.00000000e+00  0.00000000e+00  1.00000000e+00 -1.00000000e+00
   2.00000000e+00 -2.00000000e+00  3.00000000e+00 -3.00000000e+00
   4.00000000e+00  0.00000000e+00  1.00000000e+00 -1.00000000e+00
   2.00000000e+00 -2.00000000e+00  3.00000000e+00 -3.00000000e+00
   4.00000000e+00  0.00000000e+00  1.00000000e+00 -1.00000000e+00
   2.00000000e+00 -2.00000000e+00  3.00000000e+00 -3.00000000e+00
   4.00000000e+00  4.00000000e+00 -3.00000000e+00  3.00000000e+00
  -2.00000000e+00  2.00000000e+00 -1.00000000e+00  1.00000000e+00
   0.00000000e+00  0.00000000e+00  1.00000000e+00 -1.00000000e+00
   2.00000000e+00 -2.00000000e+00  3.00000000e+00 -3.00000000e+00
   4.00000000e+00  4.00000000e+00 -3.00000000e+00  3.00000000e+00
  -2.00000000e+00  2.00000000e+00 -1.00000000e+00  1.00000000e+00
   0.00000000e+00  0.00000000e+00  1.00000000e+00 -1.00000000e+00
   2.00000000e+00 -2.00000000e+00  3.00000000e+00 -3.00000000e+00
   4.00000000e+00  2.94146927e-01  5.16723859e-01 -8.86809584e-01
   2.05814606e-02 -7.72149159e-01 -6.55876628e-01  5.16371872e-01
  -1.43687506e-01 -6.05919673e-01 -4.38630063e-02 -8.25655732e-01
   2.96041695e-01 -5.48077371e-01  1.89362834e-01 -3.52030765e-01
   5.72427258e-01  3.41643723e-01 -5.96081050e-01 -6.44605499e-01
  -7.94982031e-01  6.36098334e-01 -1.00911484e+00  5.85394149e-01
  -9.53178536e-01  2.35303259e-01  4.23355125e-01  7.03848424e-01
  -1.01021042e+00 -1.25171841e+00 -4.71737225e-01 -7.38970721e-01
  -1.22442205e+00 -8.32241377e-01 -3.82357267e-01 -4.61542721e-01
  -5.76454990e-01 -2.66430695e-01  1.83048968e-01  5.12490117e-01
   2.99274997e-01  4.11913013e-01  2.03586617e-01 -2.35831146e-01
   7.69229215e-01 -2.04142628e-01  6.20140448e-01 -2.35092208e-01
   2.36484314e-01  4.42030766e-01 -6.02015893e-01 -2.92430314e-02
   6.79943865e-01  6.83144089e-01  7.62956556e-01  4.45927179e-02
  -3.89619653e-01  3.93018505e-01  1.25080740e+00 -1.06474601e+00
   5.44192768e-02 -1.02944521e+00  1.11704082e+00  1.13841270e+00
  -1.03574341e+00  1.74578465e-01  1.92024789e-01  9.50963602e-01
   3.35350678e-01 -9.99131986e-01 -1.15243548e-01 -8.67822099e-01
   2.41972300e-01 -2.73989209e-01 -1.00639468e+00  3.11831176e-01
   1.19799032e+00  3.26481035e-01  3.75228433e-01 -9.03138324e-01
   6.57764085e-01 -5.49048609e-01 -1.57599480e-01  7.15673278e-01
  -4.08818194e-01 -6.50570824e-01  6.99587335e-01  9.89370870e-01
   4.25546642e-01  6.74036069e-01  8.93731374e-01  6.42155624e-01
  -8.28740387e-01 -1.16528213e-01 -6.13287008e-01 -8.38797021e-01
  -8.55648257e-01  7.08197109e-01 -2.92365824e-03 -4.72116526e-01
   8.25264295e-01 -6.71337385e-01 -3.36642163e-01 -2.80071937e-01
  -8.83552614e-01  6.32166367e-02 -1.88582864e-01  8.50331157e-01
   3.49626890e-01  1.44687109e-01 -4.28177767e-01  8.38483512e-01
   7.68475549e-01  4.47566095e-01 -1.96157943e-01  3.83628614e-01
  -6.85932607e-01 -2.15484874e-01 -4.40783415e-01 -4.57549559e-01
   4.42696274e-01  6.16764850e-01 -3.03911983e-01  3.47152441e-01
   5.62199030e-01 -4.35625437e-01 -8.11665256e-01  7.78472710e-03
  -7.50980370e-01  1.62023010e-01  5.16262265e-01  8.28485218e-02
  -4.13036786e-01 -7.57245587e-01]]
