

 MVRSM iteration:  0
Time spent training the model:				  0.0
Time spent finding the minimum of the model:  0.009999752044677734
Total computation time for this iteration:	 0.009999752044677734
Current time:  1591622740.621909
Evaluated data point and evaluation:						    [ 2.          3.          2.         -1.66039879  1.41023267 -1.50998857
  0.23268796 -1.68077063  0.0842346  -0.69568833] ,  11.420215528318643
Predicted value at evaluated data point (after learning)        [ 2.          3.          2.         -1.66039879  1.41023267 -1.50998857
  0.23268796 -1.68077063  0.0842346  -0.69568833] ,  11.4202155610494
Best found data point and evaluation so far:				    [ 2.          3.          2.         -1.66039879  1.41023267 -1.50998857
  0.23268796 -1.68077063  0.0842346  -0.69568833] ,  11.420215528318643
Best data point according to the model and predicted value:	    [ 2.          3.          2.         -1.66039879  1.41023267 -1.50998857
  0.23268796 -1.68077063  0.0842346  -0.69568833] ,  11.4202155610494
Best rounded	 point according to the model and predicted value: [ 2.          3.          2.         -1.66039879  1.41023267 -1.50998857
  0.23268796 -1.68077063  0.0842346  -0.69568833] ,  11.4202155610494
Suggested next data point and predicted value:				    [ 1.          3.          1.         -0.04498298  1.83718121  0.01850863
 -1.96611621  1.29196643  0.52227943 -0.26402842] ,  20.412023464514057


 MVRSM iteration:  1
Time spent training the model:				  0.0
Time spent finding the minimum of the model:  0.010000228881835938
Total computation time for this iteration:	 0.010000228881835938
Current time:  1591622740.6319091
Evaluated data point and evaluation:						    [ 1.          3.          1.         -0.04498298  1.83718121  0.01850863
 -1.96611621  1.29196643  0.52227943 -0.26402842] ,  10.673410130178695
Predicted value at evaluated data point (after learning)        [ 1.          3.          1.         -0.04498298  1.83718121  0.01850863
 -1.96611621  1.29196643  0.52227943 -0.26402842] ,  10.673410133184017
Best found data point and evaluation so far:				    [ 1.          3.          1.         -0.04498298  1.83718121  0.01850863
 -1.96611621  1.29196643  0.52227943 -0.26402842] ,  10.673410130178695
Best data point according to the model and predicted value:	    [ 1.99981647  3.00604632  1.22331247 -0.64991646  1.99721794  0.90782455
 -2.          2.          1.49139158  1.31388035] ,  -12.099072712937637
Best rounded	 point according to the model and predicted value: [ 2.          3.          1.         -0.64991646  1.99721794  0.90782455
 -2.          2.          1.49139158  1.31388035] ,  -12.220818102135386
Suggested next data point and predicted value:				    [ 0.          2.          2.         -0.65995873 -0.11430489  1.67480086
 -0.93440164 -1.26620019  1.2971384  -0.16356977] ,  78.19372386200283


 MVRSM iteration:  2
Time spent training the model:				  0.0
Time spent finding the minimum of the model:  0.009999752044677734
Total computation time for this iteration:	 0.009999752044677734
Current time:  1591622740.641909
Evaluated data point and evaluation:						    [ 0.          2.          2.         -0.65995873 -0.11430489  1.67480086
 -0.93440164 -1.26620019  1.2971384  -0.16356977] ,  13.934936667403392
Predicted value at evaluated data point (after learning)        [ 0.          2.          2.         -0.65995873 -0.11430489  1.67480086
 -0.93440164 -1.26620019  1.2971384  -0.16356977] ,  13.934936683772587
Best found data point and evaluation so far:				    [ 1.          3.          1.         -0.04498298  1.83718121  0.01850863
 -1.96611621  1.29196643  0.52227943 -0.26402842] ,  10.673410130178695
Best data point according to the model and predicted value:	    [ 1.01854905  2.9977846   2.00297063 -0.26582619  1.75262275  0.34553758
 -2.          1.56596076  0.83301593  0.22967642] ,  -15.02889617440185
Best rounded	 point according to the model and predicted value: [ 1.          3.          2.         -0.26582619  1.75262275  0.34553758
 -2.          1.56596076  0.83301593  0.22967642] ,  -15.336284669690386
Suggested next data point and predicted value:				    [ 1.          2.          1.          1.3872935   1.9315256  -1.09030953
 -0.7611339  -0.32014981  0.82696053  1.39276733] ,  10.85702172388193


 MVRSM iteration:  3
Time spent training the model:				  0.0
Time spent finding the minimum of the model:  0.010000228881835938
Total computation time for this iteration:	 0.010000228881835938
Current time:  1591622740.651909
Evaluated data point and evaluation:						    [ 1.          2.          1.          1.3872935   1.9315256  -1.09030953
 -0.7611339  -0.32014981  0.82696053  1.39276733] ,  10.408087996706907
Predicted value at evaluated data point (after learning)        [ 1.          2.          1.          1.3872935   1.9315256  -1.09030953
 -0.7611339  -0.32014981  0.82696053  1.39276733] ,  10.408087997156201
Best found data point and evaluation so far:				    [ 1.          2.          1.          1.3872935   1.9315256  -1.09030953
 -0.7611339  -0.32014981  0.82696053  1.39276733] ,  10.408087996706907
Best data point according to the model and predicted value:	    [ 0.9989809   2.99723236  1.99804583  1.24272153  1.87327151 -0.88031416
 -0.83954925 -0.14708836  1.02327183  1.71742831] ,  -10.846714227400508
Best rounded	 point according to the model and predicted value: [ 1.          3.          2.          1.24272153  1.87327151 -0.88031416
 -0.83954925 -0.14708836  1.02327183  1.71742831] ,  -10.906679851641432
Suggested next data point and predicted value:				    [ 4.          1.          0.          1.19427196  0.84094946  1.75364446
  1.17487197  1.47945823  1.12842605 -1.62610415] ,  338.7927161235132


 MVRSM iteration:  4
Time spent training the model:				  0.0
Time spent finding the minimum of the model:  0.009999990463256836
Total computation time for this iteration:	 0.009999990463256836
Current time:  1591622740.661909
Evaluated data point and evaluation:						    [ 4.          1.          0.          1.19427196  0.84094946  1.75364446
  1.17487197  1.47945823  1.12842605 -1.62610415] ,  18.870464069938652
Predicted value at evaluated data point (after learning)        [ 4.          1.          0.          1.19427196  0.84094946  1.75364446
  1.17487197  1.47945823  1.12842605 -1.62610415] ,  18.8704641069502
Best found data point and evaluation so far:				    [ 1.          2.          1.          1.3872935   1.9315256  -1.09030953
 -0.7611339  -0.32014981  0.82696053  1.39276733] ,  10.408087996706907
Best data point according to the model and predicted value:	    [ 2.9433918   1.98716745  0.98330821 -2.         -2.          2.
 -0.67704253  2.          2.          2.        ] ,  -72.93567760773695
Best rounded	 point according to the model and predicted value: [ 3.          2.          1.         -2.         -2.          2.
 -0.67704253  2.          2.          2.        ] ,  -73.53949138961661
Suggested next data point and predicted value:				    [ 0.          1.          1.         -1.6059316   0.81782426 -1.70052483
 -0.93458457  0.08125575 -0.27146612 -1.10452124] ,  47.12493224694694


 MVRSM iteration:  5
Time spent training the model:				  0.0
Time spent finding the minimum of the model:  0.009999990463256836
Total computation time for this iteration:	 0.009999990463256836
Current time:  1591622740.671909
Evaluated data point and evaluation:						    [ 0.          1.          1.         -1.6059316   0.81782426 -1.70052483
 -0.93458457  0.08125575 -0.27146612 -1.10452124] ,  20.537979648165276
Predicted value at evaluated data point (after learning)        [ 0.          1.          1.         -1.6059316   0.81782426 -1.70052483
 -0.93458457  0.08125575 -0.27146612 -1.10452124] ,  20.537979682484384
Best found data point and evaluation so far:				    [ 1.          2.          1.          1.3872935   1.9315256  -1.09030953
 -0.7611339  -0.32014981  0.82696053  1.39276733] ,  10.408087996706907
Best data point according to the model and predicted value:	    [ 2.71756634  1.79135354  0.99986789 -2.         -2.          2.
 -2.          2.          2.          2.        ] ,  -59.25779123622949
Best rounded	 point according to the model and predicted value: [ 3.  2.  1. -2. -2.  2. -2.  2.  2.  2.] ,  -61.12908380653666
Suggested next data point and predicted value:				    [ 4.          0.          1.          1.5715519  -0.38574159  1.82883777
  1.59019494 -1.12610907  0.58407688  1.92539834] ,  95.54342590516106


 MVRSM iteration:  6
Time spent training the model:				  0.0
Time spent finding the minimum of the model:  0.009999990463256836
Total computation time for this iteration:	 0.009999990463256836
Current time:  1591622740.681909
Evaluated data point and evaluation:						    [ 4.          0.          1.          1.5715519  -0.38574159  1.82883777
  1.59019494 -1.12610907  0.58407688  1.92539834] ,  30.64553235301148
Predicted value at evaluated data point (after learning)        [ 4.          0.          1.          1.5715519  -0.38574159  1.82883777
  1.59019494 -1.12610907  0.58407688  1.92539834] ,  30.645532388861174
Best found data point and evaluation so far:				    [ 1.          2.          1.          1.3872935   1.9315256  -1.09030953
 -0.7611339  -0.32014981  0.82696053  1.39276733] ,  10.408087996706907
Best data point according to the model and predicted value:	    [ 2.66011686  0.9996199   1.02326795 -2.         -1.47807418  2.
 -2.          2.          2.          1.88906482] ,  -59.4633126421357
Best rounded	 point according to the model and predicted value: [ 3.          1.          1.         -2.         -1.47807418  2.
 -2.          2.          2.          1.88906482] ,  -59.90409982346113
Suggested next data point and predicted value:				    [ 1.          0.          4.         -0.49054347 -0.04596956 -0.89404068
 -1.14448836 -0.8628255  -0.40404685 -0.6983548 ] ,  226.91738468293767


 MVRSM iteration:  7
Time spent training the model:				  0.0
Time spent finding the minimum of the model:  0.009999990463256836
Total computation time for this iteration:	 0.009999990463256836
Current time:  1591622740.691909
Evaluated data point and evaluation:						    [ 1.          0.          4.         -0.49054347 -0.04596956 -0.89404068
 -1.14448836 -0.8628255  -0.40404685 -0.6983548 ] ,  14.973328618307942
Predicted value at evaluated data point (after learning)        [ 1.          0.          4.         -0.49054347 -0.04596956 -0.89404068
 -1.14448836 -0.8628255  -0.40404685 -0.6983548 ] ,  14.97332864660179
Best found data point and evaluation so far:				    [ 1.          2.          1.          1.3872935   1.9315256  -1.09030953
 -0.7611339  -0.32014981  0.82696053  1.39276733] ,  10.408087996706907
Best data point according to the model and predicted value:	    [ 1.96955922  0.90848191  2.10553353 -0.95487226  1.98910507  2.
 -2.          2.          2.          2.        ] ,  -83.36101592088642
Best rounded	 point according to the model and predicted value: [ 2.          1.          2.         -0.95487226  1.98910507  2.
 -2.          2.          2.          2.        ] ,  -84.67897605238431
Suggested next data point and predicted value:				    [ 2.          4.          1.         -1.00969152 -0.49648673 -1.25777734
  1.07850266  0.78834775 -1.36007573 -1.53120141] ,  73.3489043994635


 MVRSM iteration:  8
Time spent training the model:				  0.0
Time spent finding the minimum of the model:  0.009999990463256836
Total computation time for this iteration:	 0.009999990463256836
Current time:  1591622740.701909
Evaluated data point and evaluation:						    [ 2.          4.          1.         -1.00969152 -0.49648673 -1.25777734
  1.07850266  0.78834775 -1.36007573 -1.53120141] ,  17.860549434659486
Predicted value at evaluated data point (after learning)        [ 2.          4.          1.         -1.00969152 -0.49648673 -1.25777734
  1.07850266  0.78834775 -1.36007573 -1.53120141] ,  17.860549485637666
Best found data point and evaluation so far:				    [ 1.          2.          1.          1.3872935   1.9315256  -1.09030953
 -0.7611339  -0.32014981  0.82696053  1.39276733] ,  10.408087996706907
Best data point according to the model and predicted value:	    [ 1.99142234  0.97893625  2.01395698 -1.68497703 -2.          2.
 -2.          2.          2.          2.        ] ,  -85.84084067150346
Best rounded	 point according to the model and predicted value: [ 2.          1.          2.         -1.68497703 -2.          2.
 -2.          2.          2.          2.        ] ,  -86.17352427103506
Suggested next data point and predicted value:				    [ 1.          4.          3.         -0.59225604  1.81026233  0.24951637
 -1.27755725  0.3618608   0.828102    1.77542226] ,  61.83600526381926


 MVRSM iteration:  9
Time spent training the model:				  0.0
Time spent finding the minimum of the model:  0.0
Total computation time for this iteration:	 0.0
Current time:  1591622740.701909
Evaluated data point and evaluation:						    [ 1.          4.          3.         -0.59225604  1.81026233  0.24951637
 -1.27755725  0.3618608   0.828102    1.77542226] ,  9.68577087743282
Predicted value at evaluated data point (after learning)        [ 1.          4.          3.         -0.59225604  1.81026233  0.24951637
 -1.27755725  0.3618608   0.828102    1.77542226] ,  9.685770933877187
Best found data point and evaluation so far:				    [ 1.          4.          3.         -0.59225604  1.81026233  0.24951637
 -1.27755725  0.3618608   0.828102    1.77542226] ,  9.68577087743282
Best data point according to the model and predicted value:	    [ 2.06328059  1.01242348  2.0884853  -2.         -2.          2.
 -2.          2.          2.          2.        ] ,  -76.08022428333447
Best rounded	 point according to the model and predicted value: [ 2.  1.  2. -2. -2.  2. -2.  2.  2.  2.] ,  -76.44828753664106
Suggested next data point and predicted value:				    [ 2.          3.          2.          1.03120336 -0.60636143 -0.18307856
  1.76515853  1.47788172  0.69220116  0.65317673] ,  -7.214732988195873


 MVRSM iteration:  10
Time spent training the model:				  0.0
Time spent finding the minimum of the model:  0.009999990463256836
Total computation time for this iteration:	 0.009999990463256836
Current time:  1591622740.721909
Evaluated data point and evaluation:						    [ 2.          3.          2.          1.03120336 -0.60636143 -0.18307856
  1.76515853  1.47788172  0.69220116  0.65317673] ,  4.720367723687851
Predicted value at evaluated data point (after learning)        [ 2.          3.          2.          1.03120336 -0.60636143 -0.18307856
  1.76515853  1.47788172  0.69220116  0.65317673] ,  4.720367675859842
Best found data point and evaluation so far:				    [ 2.          3.          2.          1.03120336 -0.60636143 -0.18307856
  1.76515853  1.47788172  0.69220116  0.65317673] ,  4.720367723687851
Best data point according to the model and predicted value:	    [ 1.99497371  1.0464805   3.00978697 -1.49403096 -2.          2.
 -1.20108954  2.          1.27189522  2.        ] ,  -60.80927806262823
Best rounded	 point according to the model and predicted value: [ 2.          1.          3.         -1.49403096 -2.          2.
 -1.20108954  2.          1.27189522  2.        ] ,  -61.71931254085623
Suggested next data point and predicted value:				    [ 2.          2.          1.         -1.62831178 -0.05665605  1.98539222
  0.53878595  0.30477021 -0.87550909  0.57395491] ,  -18.1532855035155


 MVRSM iteration:  11
Time spent training the model:				  0.0
Time spent finding the minimum of the model:  0.009999990463256836
Total computation time for this iteration:	 0.009999990463256836
Current time:  1591622740.731909
Evaluated data point and evaluation:						    [ 2.          2.          1.         -1.62831178 -0.05665605  1.98539222
  0.53878595  0.30477021 -0.87550909  0.57395491] ,  10.639395716473802
Predicted value at evaluated data point (after learning)        [ 2.          2.          1.         -1.62831178 -0.05665605  1.98539222
  0.53878595  0.30477021 -0.87550909  0.57395491] ,  10.639395632744431
Best found data point and evaluation so far:				    [ 2.          3.          2.          1.03120336 -0.60636143 -0.18307856
  1.76515853  1.47788172  0.69220116  0.65317673] ,  4.720367723687851
Best data point according to the model and predicted value:	    [ 2.91532333  1.00057972  2.99820491  1.81242946  1.17658573  1.14134525
 -2.          1.64200082  1.38068872  1.40912709] ,  -45.64174772060254
Best rounded	 point according to the model and predicted value: [ 3.          1.          3.          1.81242946  1.17658573  1.14134525
 -2.          1.64200082  1.38068872  1.40912709] ,  -45.90023603079284
Suggested next data point and predicted value:				    [ 4.          3.          1.          1.32566345 -1.33299813  0.08561751
 -1.59534384  0.4003202   0.89046873 -1.79871853] ,  12.49546827083894


 MVRSM iteration:  12
Time spent training the model:				  0.0
Time spent finding the minimum of the model:  0.009999990463256836
Total computation time for this iteration:	 0.009999990463256836
Current time:  1591622740.741909
Evaluated data point and evaluation:						    [ 4.          3.          1.          1.32566345 -1.33299813  0.08561751
 -1.59534384  0.4003202   0.89046873 -1.79871853] ,  13.37348016054151
Predicted value at evaluated data point (after learning)        [ 4.          3.          1.          1.32566345 -1.33299813  0.08561751
 -1.59534384  0.4003202   0.89046873 -1.79871853] ,  13.373480159232114
Best found data point and evaluation so far:				    [ 2.          3.          2.          1.03120336 -0.60636143 -0.18307856
  1.76515853  1.47788172  0.69220116  0.65317673] ,  4.720367723687851
Best data point according to the model and predicted value:	    [ 2.96406167  1.00393111  2.93924893  1.76647304  1.52141744  1.34071419
 -0.79007772  1.26187223  1.40310095 -2.        ] ,  -42.0244937831535
Best rounded	 point according to the model and predicted value: [ 3.          1.          3.          1.76647304  1.52141744  1.34071419
 -0.79007772  1.26187223  1.40310095 -2.        ] ,  -42.384836252950315
Suggested next data point and predicted value:				    [ 4.          4.          1.         -0.78240926 -1.83380966  1.24908087
 -0.02231773 -1.75831549 -0.4229376  -0.45283547] ,  34.729852837000294


 MVRSM iteration:  13
Time spent training the model:				  0.0
Time spent finding the minimum of the model:  0.009999990463256836
Total computation time for this iteration:	 0.009999990463256836
Current time:  1591622740.751909
Evaluated data point and evaluation:						    [ 4.          4.          1.         -0.78240926 -1.83380966  1.24908087
 -0.02231773 -1.75831549 -0.4229376  -0.45283547] ,  20.418883341966204
Predicted value at evaluated data point (after learning)        [ 4.          4.          1.         -0.78240926 -1.83380966  1.24908087
 -0.02231773 -1.75831549 -0.4229376  -0.45283547] ,  20.41888338925765
Best found data point and evaluation so far:				    [ 2.          3.          2.          1.03120336 -0.60636143 -0.18307856
  1.76515853  1.47788172  0.69220116  0.65317673] ,  4.720367723687851
Best data point according to the model and predicted value:	    [ 3.1299775   1.12997624  2.60540186  1.60405641  0.90821885  1.11121866
 -0.45477545  0.97002405  1.49564364  1.46926928] ,  -33.17449691314368
Best rounded	 point according to the model and predicted value: [ 3.          1.          3.          1.60405641  0.90821885  1.11121866
 -0.45477545  0.97002405  1.49564364  1.46926928] ,  -37.32650541369702
Suggested next data point and predicted value:				    [ 1.          4.          2.          1.63441268 -1.08840262 -1.75932149
  1.18982357 -0.01802247  0.98534541  1.34170606] ,  22.54016945686655


 MVRSM iteration:  14
Time spent training the model:				  0.0
Time spent finding the minimum of the model:  0.0
Total computation time for this iteration:	 0.0
Current time:  1591622740.751909
Evaluated data point and evaluation:						    [ 1.          4.          2.          1.63441268 -1.08840262 -1.75932149
  1.18982357 -0.01802247  0.98534541  1.34170606] ,  16.487256293298014
Predicted value at evaluated data point (after learning)        [ 1.          4.          2.          1.63441268 -1.08840262 -1.75932149
  1.18982357 -0.01802247  0.98534541  1.34170606] ,  16.48725631845933
Best found data point and evaluation so far:				    [ 2.          3.          2.          1.03120336 -0.60636143 -0.18307856
  1.76515853  1.47788172  0.69220116  0.65317673] ,  4.720367723687851
Best data point according to the model and predicted value:	    [ 2.96399667  1.01358415  2.65005853  2.          0.20181357  2.
 -1.93269223  1.75881373  2.          2.        ] ,  -37.98085310027605
Best rounded	 point according to the model and predicted value: [ 3.          1.          3.          2.          0.20181357  2.
 -1.93269223  1.75881373  2.          2.        ] ,  -39.70597694452171
Suggested next data point and predicted value:				    [ 2.          2.          2.         -0.69747977 -0.07674394  0.61288359
 -0.6655933  -1.98009118  1.19455574 -0.93622287] ,  -0.5581402886926821


 MVRSM iteration:  15
Time spent training the model:				  0.0
Time spent finding the minimum of the model:  0.010000228881835938
Total computation time for this iteration:	 0.010000228881835938
Current time:  1591622740.7719092
Evaluated data point and evaluation:						    [ 2.          2.          2.         -0.69747977 -0.07674394  0.61288359
 -0.6655933  -1.98009118  1.19455574 -0.93622287] ,  7.111134153584344
Predicted value at evaluated data point (after learning)        [ 2.          2.          2.         -0.69747977 -0.07674394  0.61288359
 -0.6655933  -1.98009118  1.19455574 -0.93622287] ,  7.11113409704601
Best found data point and evaluation so far:				    [ 2.          3.          2.          1.03120336 -0.60636143 -0.18307856
  1.76515853  1.47788172  0.69220116  0.65317673] ,  4.720367723687851
Best data point according to the model and predicted value:	    [ 2.97180837  0.97085591  2.00835987  0.96502973 -1.27647888  1.13035709
 -0.10687313  2.          1.47006997  2.        ] ,  -24.023632515553977
Best rounded	 point according to the model and predicted value: [ 3.          1.          2.          0.96502973 -1.27647888  1.13035709
 -0.10687313  2.          1.47006997  2.        ] ,  -24.18049867535332
Suggested next data point and predicted value:				    [ 4.          3.          0.          1.98839827 -0.00445475  1.28330315
 -1.71118297 -1.34877545  1.73391039  1.45371964] ,  21.766633553216053


 MVRSM iteration:  16
Time spent training the model:				  0.0
Time spent finding the minimum of the model:  0.009999752044677734
Total computation time for this iteration:	 0.009999752044677734
Current time:  1591622740.781909
Evaluated data point and evaluation:						    [ 4.          3.          0.          1.98839827 -0.00445475  1.28330315
 -1.71118297 -1.34877545  1.73391039  1.45371964] ,  23.867361185871196
Predicted value at evaluated data point (after learning)        [ 4.          3.          0.          1.98839827 -0.00445475  1.28330315
 -1.71118297 -1.34877545  1.73391039  1.45371964] ,  23.86736117833727
Best found data point and evaluation so far:				    [ 2.          3.          2.          1.03120336 -0.60636143 -0.18307856
  1.76515853  1.47788172  0.69220116  0.65317673] ,  4.720367723687851
Best data point according to the model and predicted value:	    [ 3.07835638  1.07834989  3.05422023  0.91189311 -1.22369161  0.98640204
  0.29591561  2.          1.29377454  2.        ] ,  -26.53008973942221
Best rounded	 point according to the model and predicted value: [ 3.          1.          3.          0.91189311 -1.22369161  0.98640204
  0.29591561  2.          1.29377454  2.        ] ,  -28.230798743175086
Suggested next data point and predicted value:				    [ 1.          1.          4.         -0.66436451 -0.43460698 -0.23800747
 -1.10640331  0.07149872  0.50519584  0.64195186] ,  -0.5952842890096335


 MVRSM iteration:  17
Time spent training the model:				  0.0
Time spent finding the minimum of the model:  0.010000228881835938
Total computation time for this iteration:	 0.010000228881835938
Current time:  1591622740.7919092
Evaluated data point and evaluation:						    [ 1.          1.          4.         -0.66436451 -0.43460698 -0.23800747
 -1.10640331  0.07149872  0.50519584  0.64195186] ,  10.331940142386538
Predicted value at evaluated data point (after learning)        [ 1.          1.          4.         -0.66436451 -0.43460698 -0.23800747
 -1.10640331  0.07149872  0.50519584  0.64195186] ,  10.33194010674883
Best found data point and evaluation so far:				    [ 2.          3.          2.          1.03120336 -0.60636143 -0.18307856
  1.76515853  1.47788172  0.69220116  0.65317673] ,  4.720367723687851
Best data point according to the model and predicted value:	    [ 2.62302442  4.          2.99426035  0.98114499 -0.79141434  1.01770605
  0.84871074  2.          1.67430786  2.        ] ,  -3.7655455574041206
Best rounded	 point according to the model and predicted value: [ 3.          4.          3.          0.98114499 -0.79141434  1.01770605
  0.84871074  2.          1.67430786  2.        ] ,  -4.368892184560549
Suggested next data point and predicted value:				    [ 3.          3.          3.         -0.68691876 -1.94615712 -0.26732468
  1.41657658 -1.9973948  -1.76721323 -0.25346628] ,  10.627011008569863


 MVRSM iteration:  18
Time spent training the model:				  0.0
Time spent finding the minimum of the model:  0.009999752044677734
Total computation time for this iteration:	 0.009999752044677734
Current time:  1591622740.801909
Evaluated data point and evaluation:						    [ 3.          3.          3.         -0.68691876 -1.94615712 -0.26732468
  1.41657658 -1.9973948  -1.76721323 -0.25346628] ,  29.272452888531664
Predicted value at evaluated data point (after learning)        [ 3.          3.          3.         -0.68691876 -1.94615712 -0.26732468
  1.41657658 -1.9973948  -1.76721323 -0.25346628] ,  29.272452831885477
Best found data point and evaluation so far:				    [ 2.          3.          2.          1.03120336 -0.60636143 -0.18307856
  1.76515853  1.47788172  0.69220116  0.65317673] ,  4.720367723687851
Best data point according to the model and predicted value:	    [ 2.73587902  3.93451741  2.01369256 -0.86388906  1.14410827  2.
 -2.          2.          2.          2.        ] ,  -16.015214703774355
Best rounded	 point according to the model and predicted value: [ 3.          4.          2.         -0.86388906  1.14410827  2.
 -2.          2.          2.          2.        ] ,  -16.386955426599222
Suggested next data point and predicted value:				    [ 3.          3.          4.          1.55793215 -0.6303092  -0.91591501
  1.93118113  1.92360721  1.37060407  1.09437067] ,  30.454687752507272


 MVRSM iteration:  19
Time spent training the model:				  0.0
Time spent finding the minimum of the model:  0.0
Total computation time for this iteration:	 0.0
Current time:  1591622740.801909
Evaluated data point and evaluation:						    [ 3.          3.          4.          1.55793215 -0.6303092  -0.91591501
  1.93118113  1.92360721  1.37060407  1.09437067] ,  9.542566470229234
Predicted value at evaluated data point (after learning)        [ 3.          3.          4.          1.55793215 -0.6303092  -0.91591501
  1.93118113  1.92360721  1.37060407  1.09437067] ,  9.542566545222343
Best found data point and evaluation so far:				    [ 2.          3.          2.          1.03120336 -0.60636143 -0.18307856
  1.76515853  1.47788172  0.69220116  0.65317673] ,  4.720367723687851
Best data point according to the model and predicted value:	    [ 2.88195812  3.67703285  2.00028457  1.23296651 -0.35461185  0.10925085
  1.68740137  1.88054862  1.62001096  1.04228793] ,  -5.4341602938833375
Best rounded	 point according to the model and predicted value: [ 3.          4.          2.          1.23296651 -0.35461185  0.10925085
  1.68740137  1.88054862  1.62001096  1.04228793] ,  -7.496116484077451
Suggested next data point and predicted value:				    [ 1.          3.          4.          1.95929705 -0.03843794  1.90757681
 -0.1290193   1.60429455 -1.23326954 -1.92623409] ,  17.58907917698216


 MVRSM iteration:  20
Time spent training the model:				  0.0
Time spent finding the minimum of the model:  0.0
Total computation time for this iteration:	 0.0
Current time:  1591622740.8119092
Evaluated data point and evaluation:						    [ 1.          3.          4.          1.95929705 -0.03843794  1.90757681
 -0.1290193   1.60429455 -1.23326954 -1.92623409] ,  22.356517354399415
Predicted value at evaluated data point (after learning)        [ 1.          3.          4.          1.95929705 -0.03843794  1.90757681
 -0.1290193   1.60429455 -1.23326954 -1.92623409] ,  22.356517327671128
Best found data point and evaluation so far:				    [ 2.          3.          2.          1.03120336 -0.60636143 -0.18307856
  1.76515853  1.47788172  0.69220116  0.65317673] ,  4.720367723687851
Best data point according to the model and predicted value:	    [3.0080583  4.         2.00003507 0.6131858  2.         2.
 1.62041633 2.         2.         2.        ] ,  -19.497103101610286
Best rounded	 point according to the model and predicted value: [3.         4.         2.         0.6131858  2.         2.
 1.62041633 2.         2.         2.        ] ,  -19.546922056902936
Suggested next data point and predicted value:				    [ 1.          3.          0.         -0.83996777 -1.12624996 -0.01372137
 -0.97668308 -1.49342846  0.77892098 -0.47612523] ,  38.74121092087139


 MVRSM iteration:  21
Time spent training the model:				  0.0
Time spent finding the minimum of the model:  0.0
Total computation time for this iteration:	 0.0
Current time:  1591622740.821909
Evaluated data point and evaluation:						    [ 1.          3.          0.         -0.83996777 -1.12624996 -0.01372137
 -0.97668308 -1.49342846  0.77892098 -0.47612523] ,  15.989550494005757
Predicted value at evaluated data point (after learning)        [ 1.          3.          0.         -0.83996777 -1.12624996 -0.01372137
 -0.97668308 -1.49342846  0.77892098 -0.47612523] ,  15.98955086819923
Best found data point and evaluation so far:				    [ 2.          3.          2.          1.03120336 -0.60636143 -0.18307856
  1.76515853  1.47788172  0.69220116  0.65317673] ,  4.720367723687851
Best data point according to the model and predicted value:	    [ 2.99834779e+00  3.99694580e+00  3.02602164e+00  4.55284136e-01
 -8.26234521e-01  1.07083341e+00  1.54003572e+00  2.00000000e+00
  2.00000000e+00  1.72566278e-03] ,  -15.153074197839825
Best rounded	 point according to the model and predicted value: [ 3.00000000e+00  4.00000000e+00  3.00000000e+00  4.55284136e-01
 -8.26234521e-01  1.07083341e+00  1.54003572e+00  2.00000000e+00
  2.00000000e+00  1.72566278e-03] ,  -15.521025035719529
Suggested next data point and predicted value:				    [ 1.          1.          0.          1.56731552 -1.08875863 -0.3531513
  0.35448803 -0.38229687 -1.39090995  0.64597763] ,  23.285296823518838


 MVRSM iteration:  22
Time spent training the model:				  0.0
Time spent finding the minimum of the model:  0.0
Total computation time for this iteration:	 0.0
Current time:  1591622740.8319092
Evaluated data point and evaluation:						    [ 1.          1.          0.          1.56731552 -1.08875863 -0.3531513
  0.35448803 -0.38229687 -1.39090995  0.64597763] ,  12.83446023961408
Predicted value at evaluated data point (after learning)        [ 1.          1.          0.          1.56731552 -1.08875863 -0.3531513
  0.35448803 -0.38229687 -1.39090995  0.64597763] ,  12.834460341467487
Best found data point and evaluation so far:				    [ 2.          3.          2.          1.03120336 -0.60636143 -0.18307856
  1.76515853  1.47788172  0.69220116  0.65317673] ,  4.720367723687851
Best data point according to the model and predicted value:	    [ 2.93099282  3.88417794  2.99737734  0.57285179 -0.7489528   1.91922449
  0.75346999  2.          2.         -0.70006247] ,  -17.60308851096689
Best rounded	 point according to the model and predicted value: [ 3.          4.          3.          0.57285179 -0.7489528   1.91922449
  0.75346999  2.          2.         -0.70006247] ,  -18.822806064368226
Suggested next data point and predicted value:				    [ 2.          2.          3.          0.81124743  1.68868583 -0.10712374
  0.0355136   0.1846337   1.72632631  1.70490735] ,  0.014682642197927365


 MVRSM iteration:  23
Time spent training the model:				  0.0
Time spent finding the minimum of the model:  0.0
Total computation time for this iteration:	 0.0
Current time:  1591622740.841909
Evaluated data point and evaluation:						    [ 2.          2.          3.          0.81124743  1.68868583 -0.10712374
  0.0355136   0.1846337   1.72632631  1.70490735] ,  5.144973361492953
Predicted value at evaluated data point (after learning)        [ 2.          2.          3.          0.81124743  1.68868583 -0.10712374
  0.0355136   0.1846337   1.72632631  1.70490735] ,  5.144973300628092
Best found data point and evaluation so far:				    [ 2.          3.          2.          1.03120336 -0.60636143 -0.18307856
  1.76515853  1.47788172  0.69220116  0.65317673] ,  4.720367723687851
Best data point according to the model and predicted value:	    [ 2.97867762  3.96885168  3.00994584  0.79580028 -0.97977585  1.59681954
  0.77679633  1.98974416  1.98892581 -0.44662057] ,  -17.266256046088845
Best rounded	 point according to the model and predicted value: [ 3.          4.          3.          0.79580028 -0.97977585  1.59681954
  0.77679633  1.98974416  1.98892581 -0.44662057] ,  -17.742028222512154
Suggested next data point and predicted value:				    [ 3.          0.          1.         -1.69581174  0.36351253  0.0638283
 -1.70798726 -0.43554375 -1.70195318 -1.87708936] ,  12.563673401816526


 MVRSM iteration:  24
Time spent training the model:				  0.0
Time spent finding the minimum of the model:  0.0
Total computation time for this iteration:	 0.0
Current time:  1591622740.8519092
Evaluated data point and evaluation:						    [ 3.          0.          1.         -1.69581174  0.36351253  0.0638283
 -1.70798726 -0.43554375 -1.70195318 -1.87708936] ,  29.501681003492944
Predicted value at evaluated data point (after learning)        [ 3.          0.          1.         -1.69581174  0.36351253  0.0638283
 -1.70798726 -0.43554375 -1.70195318 -1.87708936] ,  29.50168092931132
Best found data point and evaluation so far:				    [ 2.          3.          2.          1.03120336 -0.60636143 -0.18307856
  1.76515853  1.47788172  0.69220116  0.65317673] ,  4.720367723687851
Best data point according to the model and predicted value:	    [ 3.00000907  4.          2.88651592  0.84891191 -0.42724224  0.72890005
  1.8299522   1.80486714  2.         -0.13290798] ,  -13.769360208386843
Best rounded	 point according to the model and predicted value: [ 3.          4.          3.          0.84891191 -0.42724224  0.72890005
  1.8299522   1.80486714  2.         -0.13290798] ,  -14.235572023061923
Suggested next data point and predicted value:				    [ 3.          4.          3.          0.87991583 -0.45738304  0.84183727
  1.94218821  1.70431181  1.88869546 -0.18998492] ,  -14.078389087296504


 MVRSM iteration:  25
Time spent training the model:				  0.0
Time spent finding the minimum of the model:  0.009999752044677734
Total computation time for this iteration:	 0.009999752044677734
Current time:  1591622740.861909
Evaluated data point and evaluation:						    [ 3.          4.          3.          0.87991583 -0.45738304  0.84183727
  1.94218821  1.70431181  1.88869546 -0.18998492] ,  10.976877412293017
Predicted value at evaluated data point (after learning)        [ 3.          4.          3.          0.87991583 -0.45738304  0.84183727
  1.94218821  1.70431181  1.88869546 -0.18998492] ,  10.976877057349
Best found data point and evaluation so far:				    [ 2.          3.          2.          1.03120336 -0.60636143 -0.18307856
  1.76515853  1.47788172  0.69220116  0.65317673] ,  4.720367723687851
Best data point according to the model and predicted value:	    [ 1.01367857  0.99772193  1.68055703  0.07267039 -0.19668226 -0.2778115
  1.28237408  2.          2.         -0.34390893] ,  -12.861310807273501
Best rounded	 point according to the model and predicted value: [ 1.          1.          2.          0.07267039 -0.19668226 -0.2778115
  1.28237408  2.          2.         -0.34390893] ,  -13.262016512457492
Suggested next data point and predicted value:				    [ 1.          0.          3.          0.26956382 -0.20128324 -0.10735871
  1.41494378  1.84139319  1.97235788 -0.41488485] ,  -5.223461263067772


 MVRSM iteration:  26
Time spent training the model:				  0.010000228881835938
Time spent finding the minimum of the model:  0.0
Total computation time for this iteration:	 0.010000228881835938
Current time:  1591622740.8719091
Evaluated data point and evaluation:						    [ 1.          0.          3.          0.26956382 -0.20128324 -0.10735871
  1.41494378  1.84139319  1.97235788 -0.41488485] ,  13.783876493738482
Predicted value at evaluated data point (after learning)        [ 1.          0.          3.          0.26956382 -0.20128324 -0.10735871
  1.41494378  1.84139319  1.97235788 -0.41488485] ,  13.783876400999185
Best found data point and evaluation so far:				    [ 2.          3.          2.          1.03120336 -0.60636143 -0.18307856
  1.76515853  1.47788172  0.69220116  0.65317673] ,  4.720367723687851
Best data point according to the model and predicted value:	    [ 2.27397645  2.27397679  2.33806175  1.1351741  -0.52678207 -0.2429272
  1.39283676  1.59450994  0.75526922  0.55000898] ,  1.2241128391268248
Best rounded	 point according to the model and predicted value: [ 2.          2.          2.          1.1351741  -0.52678207 -0.2429272
  1.39283676  1.59450994  0.75526922  0.55000898] ,  1.1016305550336156
Suggested next data point and predicted value:				    [ 2.          2.          2.          1.09866161 -0.41762673 -0.49830467
  1.40344517  1.64260474  0.80956545  0.69285956] ,  1.0341521004063488


 MVRSM iteration:  27
Time spent training the model:				  0.0
Time spent finding the minimum of the model:  0.0
Total computation time for this iteration:	 0.0
Current time:  1591622740.881909
Evaluated data point and evaluation:						    [ 2.          2.          2.          1.09866161 -0.41762673 -0.49830467
  1.40344517  1.64260474  0.80956545  0.69285956] ,  3.12914364056604
Predicted value at evaluated data point (after learning)        [ 2.          2.          2.          1.09866161 -0.41762673 -0.49830467
  1.40344517  1.64260474  0.80956545  0.69285956] ,  3.129143461484432
Best found data point and evaluation so far:				    [ 2.          2.          2.          1.09866161 -0.41762673 -0.49830467
  1.40344517  1.64260474  0.80956545  0.69285956] ,  3.12914364056604
Best data point according to the model and predicted value:	    [ 0.99643593  0.99646799  1.99204875  1.08259428 -0.35996092 -0.57607462
  0.40324336  1.91044014  1.26306768  0.66879376] ,  -7.352748477753458
Best rounded	 point according to the model and predicted value: [ 1.          1.          2.          1.08259428 -0.35996092 -0.57607462
  0.40324336  1.91044014  1.26306768  0.66879376] ,  -7.424931730281706
Suggested next data point and predicted value:				    [ 1.          1.          2.          1.14995502 -0.36634619 -0.50254179
  0.6253634   1.99070415  1.31240565  0.80487628] ,  -7.123843309399874


 MVRSM iteration:  28
Time spent training the model:				  0.0
Time spent finding the minimum of the model:  0.0
Total computation time for this iteration:	 0.0
Current time:  1591622740.8919091
Evaluated data point and evaluation:						    [ 1.          1.          2.          1.14995502 -0.36634619 -0.50254179
  0.6253634   1.99070415  1.31240565  0.80487628] ,  6.76271962060585
Predicted value at evaluated data point (after learning)        [ 1.          1.          2.          1.14995502 -0.36634619 -0.50254179
  0.6253634   1.99070415  1.31240565  0.80487628] ,  6.762719280025371
Best found data point and evaluation so far:				    [ 2.          2.          2.          1.09866161 -0.41762673 -0.49830467
  1.40344517  1.64260474  0.80956545  0.69285956] ,  3.12914364056604
Best data point according to the model and predicted value:	    [ 2.          2.          2.          1.09866161 -0.41762673 -0.49830467
  1.40344517  1.64260474  0.80956545  0.69285956] ,  3.12914351661599
Best rounded	 point according to the model and predicted value: [ 2.          2.          2.          1.09866161 -0.41762673 -0.49830467
  1.40344517  1.64260474  0.80956545  0.69285956] ,  3.12914351661599
Suggested next data point and predicted value:				    [ 1.          2.          2.          1.16695031 -0.41284195 -0.44247859
  1.26717995  1.71429369  0.69494682  1.00362479] ,  8.646010755851373


 MVRSM iteration:  29
Time spent training the model:				  0.0
Time spent finding the minimum of the model:  0.0
Total computation time for this iteration:	 0.009999752044677734
Current time:  1591622740.9019089
Evaluated data point and evaluation:						    [ 1.          2.          2.          1.16695031 -0.41284195 -0.44247859
  1.26717995  1.71429369  0.69494682  1.00362479] ,  4.153383714865119
Predicted value at evaluated data point (after learning)        [ 1.          2.          2.          1.16695031 -0.41284195 -0.44247859
  1.26717995  1.71429369  0.69494682  1.00362479] ,  4.153384062365536
Best found data point and evaluation so far:				    [ 2.          2.          2.          1.09866161 -0.41762673 -0.49830467
  1.40344517  1.64260474  0.80956545  0.69285956] ,  3.12914364056604
Best data point according to the model and predicted value:	    [ 2.00508392  3.00452509  2.97437285  1.05568433 -0.96760358 -1.63641999
 -2.          1.64729607  0.01880552  1.42640166] ,  -15.135986885340518
Best rounded	 point according to the model and predicted value: [ 2.          3.          3.          1.05568433 -0.96760358 -1.63641999
 -2.          1.64729607  0.01880552  1.42640166] ,  -15.302146367537901
Suggested next data point and predicted value:				    [ 2.          4.          3.          1.22672213 -0.92972424 -1.51564531
 -1.98141988  1.85386346 -0.12105334  1.66610507] ,  -8.539922074770757


 MVRSM iteration:  30
Time spent training the model:				  0.0
Time spent finding the minimum of the model:  0.010000228881835938
Total computation time for this iteration:	 0.010000228881835938
Current time:  1591622740.911909
Evaluated data point and evaluation:						    [ 2.          4.          3.          1.22672213 -0.92972424 -1.51564531
 -1.98141988  1.85386346 -0.12105334  1.66610507] ,  20.952945317451334
Predicted value at evaluated data point (after learning)        [ 2.          4.          3.          1.22672213 -0.92972424 -1.51564531
 -1.98141988  1.85386346 -0.12105334  1.66610507] ,  20.952943923075477
Best found data point and evaluation so far:				    [ 2.          2.          2.          1.09866161 -0.41762673 -0.49830467
  1.40344517  1.64260474  0.80956545  0.69285956] ,  3.12914364056604
Best data point according to the model and predicted value:	    [ 3.02777229  3.0242739   3.04318219  1.3368732   1.15749586 -0.95568258
  0.79170716  1.82728999 -0.01511058 -1.12467319] ,  -14.863243951592676
Best rounded	 point according to the model and predicted value: [ 3.          3.          3.          1.3368732   1.15749586 -0.95568258
  0.79170716  1.82728999 -0.01511058 -1.12467319] ,  -15.291186640762074
Suggested next data point and predicted value:				    [ 3.          3.          3.          1.21624921  1.07600988 -1.07725888
  0.59580898  1.82085648  0.14519992 -1.00635938] ,  -15.392097113965288


 MVRSM iteration:  31
Time spent training the model:				  0.0
Time spent finding the minimum of the model:  0.009999990463256836
Total computation time for this iteration:	 0.009999990463256836
Current time:  1591622740.921909
Evaluated data point and evaluation:						    [ 3.          3.          3.          1.21624921  1.07600988 -1.07725888
  0.59580898  1.82085648  0.14519992 -1.00635938] ,  6.279464745027622
Predicted value at evaluated data point (after learning)        [ 3.          3.          3.          1.21624921  1.07600988 -1.07725888
  0.59580898  1.82085648  0.14519992 -1.00635938] ,  6.279462187498232
Best found data point and evaluation so far:				    [ 2.          2.          2.          1.09866161 -0.41762673 -0.49830467
  1.40344517  1.64260474  0.80956545  0.69285956] ,  3.12914364056604
Best data point according to the model and predicted value:	    [ 1.99622034  2.98643378  3.99806364 -0.90558871  1.98272376 -0.83866761
  1.93955877  2.          2.         -2.        ] ,  -28.360345279817885
Best rounded	 point according to the model and predicted value: [ 2.          3.          4.         -0.90558871  1.98272376 -0.83866761
  1.93955877  2.          2.         -2.        ] ,  -28.509740374457536
Suggested next data point and predicted value:				    [ 2.          3.          4.         -0.60017915  1.72486131 -0.97563415
  1.91621039  1.90031478  1.9886347  -1.87127514] ,  -27.987820618568456


 MVRSM iteration:  32
Time spent training the model:				  0.0
Time spent finding the minimum of the model:  0.009999990463256836
Total computation time for this iteration:	 0.009999990463256836
Current time:  1591622740.931909
Evaluated data point and evaluation:						    [ 2.          3.          4.         -0.60017915  1.72486131 -0.97563415
  1.91621039  1.90031478  1.9886347  -1.87127514] ,  27.13047030673366
Predicted value at evaluated data point (after learning)        [ 2.          3.          4.         -0.60017915  1.72486131 -0.97563415
  1.91621039  1.90031478  1.9886347  -1.87127514] ,  27.1304645401219
Best found data point and evaluation so far:				    [ 2.          2.          2.          1.09866161 -0.41762673 -0.49830467
  1.40344517  1.64260474  0.80956545  0.69285956] ,  3.12914364056604
Best data point according to the model and predicted value:	    [ 4.          0.94282011  4.          1.32897974 -2.          0.57134975
  2.          0.77242553  2.         -1.05879781] ,  -94.17859843957046
Best rounded	 point according to the model and predicted value: [ 4.          1.          4.          1.32897974 -2.          0.57134975
  2.          0.77242553  2.         -1.05879781] ,  -94.46143723799432
Suggested next data point and predicted value:				    [ 4.          1.          4.          1.32897974 -2.          0.57134975
  2.          0.77242553  2.         -1.05879781] ,  -94.46143723799432


 MVRSM iteration:  33
Time spent training the model:				  0.0
Time spent finding the minimum of the model:  0.009999990463256836
Total computation time for this iteration:	 0.009999990463256836
Current time:  1591622740.941909
Evaluated data point and evaluation:						    [ 4.          1.          4.          1.32897974 -2.          0.57134975
  2.          0.77242553  2.         -1.05879781] ,  33.34216181487582
Predicted value at evaluated data point (after learning)        [ 4.          1.          4.          1.32897974 -2.          0.57134975
  2.          0.77242553  2.         -1.05879781] ,  33.342158140400045
Best found data point and evaluation so far:				    [ 2.          2.          2.          1.09866161 -0.41762673 -0.49830467
  1.40344517  1.64260474  0.80956545  0.69285956] ,  3.12914364056604
Best data point according to the model and predicted value:	    [ 2.99786841  1.99545737  1.21542395  1.58402134  0.81096803 -1.02636039
  1.38901458  1.42442322  0.72047813  0.37643346] ,  -29.301061685182546
Best rounded	 point according to the model and predicted value: [ 3.          2.          1.          1.58402134  0.81096803 -1.02636039
  1.38901458  1.42442322  0.72047813  0.37643346] ,  -28.76588106071913
Suggested next data point and predicted value:				    [ 3.          2.          1.          1.58402134  0.81096803 -1.02636039
  1.38901458  1.42442322  0.72047813  0.37643346] ,  -28.76588106071913
Model c parameters:  [[-2.26688581e-01  6.23142060e-01  8.86236061e-01  7.36066702e-01
  -2.83860830e-01 -2.07341609e-01  1.09623630e+00  1.39944410e+00
   4.70103616e-01  6.63918914e-01 -7.00206848e-02 -1.79413190e-01
   7.72016889e-01  8.89312965e-01 -2.53458976e-02  3.18638760e-01
   4.29326762e-01  5.76642987e-01 -2.90874572e-01 -4.87543004e-01
   1.11985344e+00  1.14987359e+00 -3.16712642e-01 -6.00039112e-02
   5.16602688e-01  1.34022530e-01 -4.17517292e-01 -1.05680618e+00
   3.11054924e-01 -1.01545384e-01  1.03962714e+00  8.53715413e-01
  -6.38143122e-01 -5.97366268e-01  3.27276302e-01  5.94741738e-01
  -1.28776232e+00 -7.93608301e-01  2.79157402e-01  1.00000000e+00
   5.24688212e-02  5.96974895e-03  1.00000000e+00  2.32658330e-01
  -9.13152042e-01 -1.45380513e+00  7.65854825e-01  4.51890317e-01
  -3.27361954e-01 -4.14637881e-01 -4.64919042e-02  9.29207503e-02
  -1.23147391e-01  2.42953844e-01 -1.99802879e-01  3.92986938e-01
  -8.19478398e-01 -7.88682394e-01  5.74667125e+00 -7.74322216e-01
  -3.81459867e+00  0.00000000e+00 -8.38460809e-01  1.91219577e+00
   0.00000000e+00 -7.51792462e-01  0.00000000e+00  7.51389118e-01
  -7.87556886e-01 -8.09882700e-01 -8.24798190e-01 -8.48359853e-01
  -7.67967281e-01 -3.07135653e+00  1.09895317e+01  5.07061861e+00
   0.00000000e+00  0.00000000e+00  8.71513598e-01  1.62841603e+00
   0.00000000e+00 -3.01541245e+00  0.00000000e+00  1.06354185e+00
   8.41678585e-01  8.11852999e-01  8.68866266e-01  8.73513448e-01
   0.00000000e+00  0.00000000e+00  0.00000000e+00  3.25214551e+00
  -1.99337559e+00  0.00000000e+00  8.48159187e-01  0.00000000e+00
  -3.95436675e+00 -1.29511634e-01 -2.22239615e-01 -2.08687037e-01
   0.00000000e+00  0.00000000e+00  2.04033748e+00  0.00000000e+00
  -2.46106611e-01  1.57738604e+00 -2.22548645e-01  6.78717262e-01
   0.00000000e+00  0.00000000e+00 -3.02533412e-01 -2.78307115e-01
  -1.77088955e-01 -2.94364365e-01 -3.02411458e+00  2.53894121e-01
  -5.40799365e-01 -9.28045101e-03  0.00000000e+00  0.00000000e+00
   0.00000000e+00 -8.37647294e-01  2.25240582e-01  1.35455798e+00
   2.49041014e-01  6.48456809e+00 -2.44771685e+00  4.18589553e-01
   2.30580305e-01  6.60496246e-01  0.00000000e+00  2.01163192e-01
   1.39930321e+00 -4.47821513e+00  1.16784141e+00  1.18289483e+00
   1.20868703e+00  1.25978199e+00  0.00000000e+00  3.19505226e-01
   1.27629281e+00 -6.95695095e+00  0.00000000e+00  8.10859666e-01
   0.00000000e+00  0.00000000e+00  1.26695263e+00 -1.39938749e+00
   2.16430587e+00  1.23094422e+00  1.27783843e+00 -4.87642123e+00
  -4.17245255e+00 -5.44373723e+00  4.38949651e-01 -8.09661360e-01
   0.00000000e+00 -5.61509219e+00  5.46842911e-01  5.62476354e-01
  -1.47112491e+00 -2.44430911e+00  1.95875123e+00  5.20568136e-01
   4.79846610e+00  5.39718961e-01 -5.22589756e+00  2.49474634e+00
  -4.53370728e-01 -3.67410378e+00  5.39229530e-01  0.00000000e+00
  -1.20040425e+00 -2.49880109e-01  0.00000000e+00 -2.37561050e-01
   1.01018643e+00 -1.59291898e-01  0.00000000e+00  1.19735044e+00
   4.33399578e+00  2.70659846e+00 -1.19932982e+00 -3.16680615e+00
  -2.11757171e+00  4.18905802e+00  1.18729835e+00 -1.87458833e-01
  -3.16937294e-01 -3.10708893e+00]]
Model W parameters:  [[ 0.00000000e+00  1.00000000e+00 -1.00000000e+00  1.00000000e+00
  -1.00000000e+00  1.00000000e+00 -1.00000000e+00  1.00000000e+00
  -1.00000000e+00  0.00000000e+00  0.00000000e+00  0.00000000e+00
   0.00000000e+00  0.00000000e+00  0.00000000e+00  0.00000000e+00
   0.00000000e+00  0.00000000e+00  0.00000000e+00  0.00000000e+00
   0.00000000e+00  0.00000000e+00  0.00000000e+00  0.00000000e+00
   0.00000000e+00 -1.00000000e+00  1.00000000e+00 -1.00000000e+00
   1.00000000e+00 -1.00000000e+00  1.00000000e+00 -1.00000000e+00
   1.00000000e+00 -1.00000000e+00  1.00000000e+00 -1.00000000e+00
   1.00000000e+00 -1.00000000e+00  1.00000000e+00 -1.00000000e+00
   1.00000000e+00  0.00000000e+00  0.00000000e+00  0.00000000e+00
   0.00000000e+00  0.00000000e+00  0.00000000e+00  0.00000000e+00
   0.00000000e+00  0.00000000e+00  0.00000000e+00  0.00000000e+00
   0.00000000e+00  0.00000000e+00  0.00000000e+00  0.00000000e+00
   0.00000000e+00 -1.07482065e-02 -1.07482065e-02 -1.07482065e-02
  -1.07482065e-02 -1.07482065e-02 -1.07482065e-02 -1.07482065e-02
  -1.07482065e-02 -1.07482065e-02 -1.07482065e-02 -1.07482065e-02
  -1.07482065e-02 -1.07482065e-02 -1.07482065e-02 -1.07482065e-02
  -1.07482065e-02 -1.07482065e-02 -1.07482065e-02 -1.07482065e-02
   5.75797849e-02  5.75797849e-02  5.75797849e-02  5.75797849e-02
   5.75797849e-02  5.75797849e-02  5.75797849e-02  5.75797849e-02
   5.75797849e-02  5.75797849e-02  5.75797849e-02  5.75797849e-02
   5.75797849e-02  5.75797849e-02  5.75797849e-02  5.75797849e-02
   5.75797849e-02  5.75797849e-02  5.75797849e-02  5.14882376e-02
   5.14882376e-02  5.14882376e-02  5.14882376e-02  5.14882376e-02
   5.14882376e-02  5.14882376e-02  5.14882376e-02  5.14882376e-02
   5.14882376e-02  5.14882376e-02  5.14882376e-02  5.14882376e-02
   5.14882376e-02  5.14882376e-02  5.14882376e-02  5.14882376e-02
   5.14882376e-02  5.14882376e-02 -2.58394102e-02 -2.58394102e-02
  -2.58394102e-02 -2.58394102e-02 -2.58394102e-02 -2.58394102e-02
  -2.58394102e-02 -2.58394102e-02 -2.58394102e-02 -2.58394102e-02
  -2.58394102e-02 -2.58394102e-02 -2.58394102e-02 -2.58394102e-02
  -2.58394102e-02 -2.58394102e-02 -2.58394102e-02 -2.58394102e-02
  -2.58394102e-02 -9.40461543e-02 -9.40461543e-02 -9.40461543e-02
  -9.40461543e-02 -9.40461543e-02 -9.40461543e-02 -9.40461543e-02
  -9.40461543e-02 -9.40461543e-02 -9.40461543e-02 -9.40461543e-02
  -9.40461543e-02 -9.40461543e-02 -9.40461543e-02 -9.40461543e-02
  -9.40461543e-02 -9.40461543e-02 -9.40461543e-02 -9.40461543e-02
  -4.26728695e-02 -4.26728695e-02 -4.26728695e-02 -4.26728695e-02
  -4.26728695e-02 -4.26728695e-02 -4.26728695e-02 -4.26728695e-02
  -4.26728695e-02 -4.26728695e-02 -4.26728695e-02 -4.26728695e-02
  -4.26728695e-02 -4.26728695e-02 -4.26728695e-02 -4.26728695e-02
  -4.26728695e-02 -4.26728695e-02 -4.26728695e-02 -1.64189998e-03
  -1.64189998e-03 -1.64189998e-03 -1.64189998e-03 -1.64189998e-03
  -1.64189998e-03 -1.64189998e-03 -1.64189998e-03 -1.64189998e-03
  -1.64189998e-03 -1.64189998e-03 -1.64189998e-03 -1.64189998e-03
  -1.64189998e-03 -1.64189998e-03 -1.64189998e-03 -1.64189998e-03
  -1.64189998e-03 -1.64189998e-03]
 [ 0.00000000e+00  0.00000000e+00  0.00000000e+00  0.00000000e+00
   0.00000000e+00  0.00000000e+00  0.00000000e+00  0.00000000e+00
   0.00000000e+00  1.00000000e+00 -1.00000000e+00  1.00000000e+00
  -1.00000000e+00  1.00000000e+00 -1.00000000e+00  1.00000000e+00
  -1.00000000e+00  0.00000000e+00  0.00000000e+00  0.00000000e+00
   0.00000000e+00  0.00000000e+00  0.00000000e+00  0.00000000e+00
   0.00000000e+00  1.00000000e+00 -1.00000000e+00  1.00000000e+00
  -1.00000000e+00  1.00000000e+00 -1.00000000e+00  1.00000000e+00
  -1.00000000e+00  1.00000000e+00 -1.00000000e+00  1.00000000e+00
  -1.00000000e+00  1.00000000e+00 -1.00000000e+00  1.00000000e+00
  -1.00000000e+00 -1.00000000e+00  1.00000000e+00 -1.00000000e+00
   1.00000000e+00 -1.00000000e+00  1.00000000e+00 -1.00000000e+00
   1.00000000e+00 -1.00000000e+00  1.00000000e+00 -1.00000000e+00
   1.00000000e+00 -1.00000000e+00  1.00000000e+00 -1.00000000e+00
   1.00000000e+00  6.48638959e-02  6.48638959e-02  6.48638959e-02
   6.48638959e-02  6.48638959e-02  6.48638959e-02  6.48638959e-02
   6.48638959e-02  6.48638959e-02  6.48638959e-02  6.48638959e-02
   6.48638959e-02  6.48638959e-02  6.48638959e-02  6.48638959e-02
   6.48638959e-02  6.48638959e-02  6.48638959e-02  6.48638959e-02
   1.58775625e-02  1.58775625e-02  1.58775625e-02  1.58775625e-02
   1.58775625e-02  1.58775625e-02  1.58775625e-02  1.58775625e-02
   1.58775625e-02  1.58775625e-02  1.58775625e-02  1.58775625e-02
   1.58775625e-02  1.58775625e-02  1.58775625e-02  1.58775625e-02
   1.58775625e-02  1.58775625e-02  1.58775625e-02  4.68071843e-02
   4.68071843e-02  4.68071843e-02  4.68071843e-02  4.68071843e-02
   4.68071843e-02  4.68071843e-02  4.68071843e-02  4.68071843e-02
   4.68071843e-02  4.68071843e-02  4.68071843e-02  4.68071843e-02
   4.68071843e-02  4.68071843e-02  4.68071843e-02  4.68071843e-02
   4.68071843e-02  4.68071843e-02  8.46867268e-02  8.46867268e-02
   8.46867268e-02  8.46867268e-02  8.46867268e-02  8.46867268e-02
   8.46867268e-02  8.46867268e-02  8.46867268e-02  8.46867268e-02
   8.46867268e-02  8.46867268e-02  8.46867268e-02  8.46867268e-02
   8.46867268e-02  8.46867268e-02  8.46867268e-02  8.46867268e-02
   8.46867268e-02 -5.97338281e-02 -5.97338281e-02 -5.97338281e-02
  -5.97338281e-02 -5.97338281e-02 -5.97338281e-02 -5.97338281e-02
  -5.97338281e-02 -5.97338281e-02 -5.97338281e-02 -5.97338281e-02
  -5.97338281e-02 -5.97338281e-02 -5.97338281e-02 -5.97338281e-02
  -5.97338281e-02 -5.97338281e-02 -5.97338281e-02 -5.97338281e-02
  -2.78417071e-02 -2.78417071e-02 -2.78417071e-02 -2.78417071e-02
  -2.78417071e-02 -2.78417071e-02 -2.78417071e-02 -2.78417071e-02
  -2.78417071e-02 -2.78417071e-02 -2.78417071e-02 -2.78417071e-02
  -2.78417071e-02 -2.78417071e-02 -2.78417071e-02 -2.78417071e-02
  -2.78417071e-02 -2.78417071e-02 -2.78417071e-02 -5.24585966e-02
  -5.24585966e-02 -5.24585966e-02 -5.24585966e-02 -5.24585966e-02
  -5.24585966e-02 -5.24585966e-02 -5.24585966e-02 -5.24585966e-02
  -5.24585966e-02 -5.24585966e-02 -5.24585966e-02 -5.24585966e-02
  -5.24585966e-02 -5.24585966e-02 -5.24585966e-02 -5.24585966e-02
  -5.24585966e-02 -5.24585966e-02]
 [ 0.00000000e+00  0.00000000e+00  0.00000000e+00  0.00000000e+00
   0.00000000e+00  0.00000000e+00  0.00000000e+00  0.00000000e+00
   0.00000000e+00  0.00000000e+00  0.00000000e+00  0.00000000e+00
   0.00000000e+00  0.00000000e+00  0.00000000e+00  0.00000000e+00
   0.00000000e+00  1.00000000e+00 -1.00000000e+00  1.00000000e+00
  -1.00000000e+00  1.00000000e+00 -1.00000000e+00  1.00000000e+00
  -1.00000000e+00  0.00000000e+00  0.00000000e+00  0.00000000e+00
   0.00000000e+00  0.00000000e+00  0.00000000e+00  0.00000000e+00
   0.00000000e+00  0.00000000e+00  0.00000000e+00  0.00000000e+00
   0.00000000e+00  0.00000000e+00  0.00000000e+00  0.00000000e+00
   0.00000000e+00  1.00000000e+00 -1.00000000e+00  1.00000000e+00
  -1.00000000e+00  1.00000000e+00 -1.00000000e+00  1.00000000e+00
  -1.00000000e+00  1.00000000e+00 -1.00000000e+00  1.00000000e+00
  -1.00000000e+00  1.00000000e+00 -1.00000000e+00  1.00000000e+00
  -1.00000000e+00 -9.45852271e-02 -9.45852271e-02 -9.45852271e-02
  -9.45852271e-02 -9.45852271e-02 -9.45852271e-02 -9.45852271e-02
  -9.45852271e-02 -9.45852271e-02 -9.45852271e-02 -9.45852271e-02
  -9.45852271e-02 -9.45852271e-02 -9.45852271e-02 -9.45852271e-02
  -9.45852271e-02 -9.45852271e-02 -9.45852271e-02 -9.45852271e-02
   2.15801548e-02  2.15801548e-02  2.15801548e-02  2.15801548e-02
   2.15801548e-02  2.15801548e-02  2.15801548e-02  2.15801548e-02
   2.15801548e-02  2.15801548e-02  2.15801548e-02  2.15801548e-02
   2.15801548e-02  2.15801548e-02  2.15801548e-02  2.15801548e-02
   2.15801548e-02  2.15801548e-02  2.15801548e-02  3.44923162e-02
   3.44923162e-02  3.44923162e-02  3.44923162e-02  3.44923162e-02
   3.44923162e-02  3.44923162e-02  3.44923162e-02  3.44923162e-02
   3.44923162e-02  3.44923162e-02  3.44923162e-02  3.44923162e-02
   3.44923162e-02  3.44923162e-02  3.44923162e-02  3.44923162e-02
   3.44923162e-02  3.44923162e-02 -2.76800082e-02 -2.76800082e-02
  -2.76800082e-02 -2.76800082e-02 -2.76800082e-02 -2.76800082e-02
  -2.76800082e-02 -2.76800082e-02 -2.76800082e-02 -2.76800082e-02
  -2.76800082e-02 -2.76800082e-02 -2.76800082e-02 -2.76800082e-02
  -2.76800082e-02 -2.76800082e-02 -2.76800082e-02 -2.76800082e-02
  -2.76800082e-02 -3.05426676e-02 -3.05426676e-02 -3.05426676e-02
  -3.05426676e-02 -3.05426676e-02 -3.05426676e-02 -3.05426676e-02
  -3.05426676e-02 -3.05426676e-02 -3.05426676e-02 -3.05426676e-02
  -3.05426676e-02 -3.05426676e-02 -3.05426676e-02 -3.05426676e-02
  -3.05426676e-02 -3.05426676e-02 -3.05426676e-02 -3.05426676e-02
   9.66330189e-02  9.66330189e-02  9.66330189e-02  9.66330189e-02
   9.66330189e-02  9.66330189e-02  9.66330189e-02  9.66330189e-02
   9.66330189e-02  9.66330189e-02  9.66330189e-02  9.66330189e-02
   9.66330189e-02  9.66330189e-02  9.66330189e-02  9.66330189e-02
   9.66330189e-02  9.66330189e-02  9.66330189e-02  2.23826254e-02
   2.23826254e-02  2.23826254e-02  2.23826254e-02  2.23826254e-02
   2.23826254e-02  2.23826254e-02  2.23826254e-02  2.23826254e-02
   2.23826254e-02  2.23826254e-02  2.23826254e-02  2.23826254e-02
   2.23826254e-02  2.23826254e-02  2.23826254e-02  2.23826254e-02
   2.23826254e-02  2.23826254e-02]
 [ 0.00000000e+00  0.00000000e+00  0.00000000e+00  0.00000000e+00
   0.00000000e+00  0.00000000e+00  0.00000000e+00  0.00000000e+00
   0.00000000e+00  0.00000000e+00  0.00000000e+00  0.00000000e+00
   0.00000000e+00  0.00000000e+00  0.00000000e+00  0.00000000e+00
   0.00000000e+00  0.00000000e+00  0.00000000e+00  0.00000000e+00
   0.00000000e+00  0.00000000e+00  0.00000000e+00  0.00000000e+00
   0.00000000e+00  0.00000000e+00  0.00000000e+00  0.00000000e+00
   0.00000000e+00  0.00000000e+00  0.00000000e+00  0.00000000e+00
   0.00000000e+00  0.00000000e+00  0.00000000e+00  0.00000000e+00
   0.00000000e+00  0.00000000e+00  0.00000000e+00  0.00000000e+00
   0.00000000e+00  0.00000000e+00  0.00000000e+00  0.00000000e+00
   0.00000000e+00  0.00000000e+00  0.00000000e+00  0.00000000e+00
   0.00000000e+00  0.00000000e+00  0.00000000e+00  0.00000000e+00
   0.00000000e+00  0.00000000e+00  0.00000000e+00  0.00000000e+00
   0.00000000e+00  3.84526564e-02  3.84526564e-02  3.84526564e-02
   3.84526564e-02  3.84526564e-02  3.84526564e-02  3.84526564e-02
   3.84526564e-02  3.84526564e-02  3.84526564e-02  3.84526564e-02
   3.84526564e-02  3.84526564e-02  3.84526564e-02  3.84526564e-02
   3.84526564e-02  3.84526564e-02  3.84526564e-02  3.84526564e-02
  -1.26290799e-02 -1.26290799e-02 -1.26290799e-02 -1.26290799e-02
  -1.26290799e-02 -1.26290799e-02 -1.26290799e-02 -1.26290799e-02
  -1.26290799e-02 -1.26290799e-02 -1.26290799e-02 -1.26290799e-02
  -1.26290799e-02 -1.26290799e-02 -1.26290799e-02 -1.26290799e-02
  -1.26290799e-02 -1.26290799e-02 -1.26290799e-02 -6.77820961e-02
  -6.77820961e-02 -6.77820961e-02 -6.77820961e-02 -6.77820961e-02
  -6.77820961e-02 -6.77820961e-02 -6.77820961e-02 -6.77820961e-02
  -6.77820961e-02 -6.77820961e-02 -6.77820961e-02 -6.77820961e-02
  -6.77820961e-02 -6.77820961e-02 -6.77820961e-02 -6.77820961e-02
  -6.77820961e-02 -6.77820961e-02  3.99294351e-02  3.99294351e-02
   3.99294351e-02  3.99294351e-02  3.99294351e-02  3.99294351e-02
   3.99294351e-02  3.99294351e-02  3.99294351e-02  3.99294351e-02
   3.99294351e-02  3.99294351e-02  3.99294351e-02  3.99294351e-02
   3.99294351e-02  3.99294351e-02  3.99294351e-02  3.99294351e-02
   3.99294351e-02 -4.57931712e-02 -4.57931712e-02 -4.57931712e-02
  -4.57931712e-02 -4.57931712e-02 -4.57931712e-02 -4.57931712e-02
  -4.57931712e-02 -4.57931712e-02 -4.57931712e-02 -4.57931712e-02
  -4.57931712e-02 -4.57931712e-02 -4.57931712e-02 -4.57931712e-02
  -4.57931712e-02 -4.57931712e-02 -4.57931712e-02 -4.57931712e-02
  -2.71721329e-02 -2.71721329e-02 -2.71721329e-02 -2.71721329e-02
  -2.71721329e-02 -2.71721329e-02 -2.71721329e-02 -2.71721329e-02
  -2.71721329e-02 -2.71721329e-02 -2.71721329e-02 -2.71721329e-02
  -2.71721329e-02 -2.71721329e-02 -2.71721329e-02 -2.71721329e-02
  -2.71721329e-02 -2.71721329e-02 -2.71721329e-02  8.03216411e-02
   8.03216411e-02  8.03216411e-02  8.03216411e-02  8.03216411e-02
   8.03216411e-02  8.03216411e-02  8.03216411e-02  8.03216411e-02
   8.03216411e-02  8.03216411e-02  8.03216411e-02  8.03216411e-02
   8.03216411e-02  8.03216411e-02  8.03216411e-02  8.03216411e-02
   8.03216411e-02  8.03216411e-02]
 [ 0.00000000e+00  0.00000000e+00  0.00000000e+00  0.00000000e+00
   0.00000000e+00  0.00000000e+00  0.00000000e+00  0.00000000e+00
   0.00000000e+00  0.00000000e+00  0.00000000e+00  0.00000000e+00
   0.00000000e+00  0.00000000e+00  0.00000000e+00  0.00000000e+00
   0.00000000e+00  0.00000000e+00  0.00000000e+00  0.00000000e+00
   0.00000000e+00  0.00000000e+00  0.00000000e+00  0.00000000e+00
   0.00000000e+00  0.00000000e+00  0.00000000e+00  0.00000000e+00
   0.00000000e+00  0.00000000e+00  0.00000000e+00  0.00000000e+00
   0.00000000e+00  0.00000000e+00  0.00000000e+00  0.00000000e+00
   0.00000000e+00  0.00000000e+00  0.00000000e+00  0.00000000e+00
   0.00000000e+00  0.00000000e+00  0.00000000e+00  0.00000000e+00
   0.00000000e+00  0.00000000e+00  0.00000000e+00  0.00000000e+00
   0.00000000e+00  0.00000000e+00  0.00000000e+00  0.00000000e+00
   0.00000000e+00  0.00000000e+00  0.00000000e+00  0.00000000e+00
   0.00000000e+00  9.26117582e-02  9.26117582e-02  9.26117582e-02
   9.26117582e-02  9.26117582e-02  9.26117582e-02  9.26117582e-02
   9.26117582e-02  9.26117582e-02  9.26117582e-02  9.26117582e-02
   9.26117582e-02  9.26117582e-02  9.26117582e-02  9.26117582e-02
   9.26117582e-02  9.26117582e-02  9.26117582e-02  9.26117582e-02
  -5.24987762e-02 -5.24987762e-02 -5.24987762e-02 -5.24987762e-02
  -5.24987762e-02 -5.24987762e-02 -5.24987762e-02 -5.24987762e-02
  -5.24987762e-02 -5.24987762e-02 -5.24987762e-02 -5.24987762e-02
  -5.24987762e-02 -5.24987762e-02 -5.24987762e-02 -5.24987762e-02
  -5.24987762e-02 -5.24987762e-02 -5.24987762e-02 -9.45134878e-02
  -9.45134878e-02 -9.45134878e-02 -9.45134878e-02 -9.45134878e-02
  -9.45134878e-02 -9.45134878e-02 -9.45134878e-02 -9.45134878e-02
  -9.45134878e-02 -9.45134878e-02 -9.45134878e-02 -9.45134878e-02
  -9.45134878e-02 -9.45134878e-02 -9.45134878e-02 -9.45134878e-02
  -9.45134878e-02 -9.45134878e-02 -7.72389418e-02 -7.72389418e-02
  -7.72389418e-02 -7.72389418e-02 -7.72389418e-02 -7.72389418e-02
  -7.72389418e-02 -7.72389418e-02 -7.72389418e-02 -7.72389418e-02
  -7.72389418e-02 -7.72389418e-02 -7.72389418e-02 -7.72389418e-02
  -7.72389418e-02 -7.72389418e-02 -7.72389418e-02 -7.72389418e-02
  -7.72389418e-02  8.27510531e-02  8.27510531e-02  8.27510531e-02
   8.27510531e-02  8.27510531e-02  8.27510531e-02  8.27510531e-02
   8.27510531e-02  8.27510531e-02  8.27510531e-02  8.27510531e-02
   8.27510531e-02  8.27510531e-02  8.27510531e-02  8.27510531e-02
   8.27510531e-02  8.27510531e-02  8.27510531e-02  8.27510531e-02
  -5.30861009e-02 -5.30861009e-02 -5.30861009e-02 -5.30861009e-02
  -5.30861009e-02 -5.30861009e-02 -5.30861009e-02 -5.30861009e-02
  -5.30861009e-02 -5.30861009e-02 -5.30861009e-02 -5.30861009e-02
  -5.30861009e-02 -5.30861009e-02 -5.30861009e-02 -5.30861009e-02
  -5.30861009e-02 -5.30861009e-02 -5.30861009e-02  8.18318345e-03
   8.18318345e-03  8.18318345e-03  8.18318345e-03  8.18318345e-03
   8.18318345e-03  8.18318345e-03  8.18318345e-03  8.18318345e-03
   8.18318345e-03  8.18318345e-03  8.18318345e-03  8.18318345e-03
   8.18318345e-03  8.18318345e-03  8.18318345e-03  8.18318345e-03
   8.18318345e-03  8.18318345e-03]
 [ 0.00000000e+00  0.00000000e+00  0.00000000e+00  0.00000000e+00
   0.00000000e+00  0.00000000e+00  0.00000000e+00  0.00000000e+00
   0.00000000e+00  0.00000000e+00  0.00000000e+00  0.00000000e+00
   0.00000000e+00  0.00000000e+00  0.00000000e+00  0.00000000e+00
   0.00000000e+00  0.00000000e+00  0.00000000e+00  0.00000000e+00
   0.00000000e+00  0.00000000e+00  0.00000000e+00  0.00000000e+00
   0.00000000e+00  0.00000000e+00  0.00000000e+00  0.00000000e+00
   0.00000000e+00  0.00000000e+00  0.00000000e+00  0.00000000e+00
   0.00000000e+00  0.00000000e+00  0.00000000e+00  0.00000000e+00
   0.00000000e+00  0.00000000e+00  0.00000000e+00  0.00000000e+00
   0.00000000e+00  0.00000000e+00  0.00000000e+00  0.00000000e+00
   0.00000000e+00  0.00000000e+00  0.00000000e+00  0.00000000e+00
   0.00000000e+00  0.00000000e+00  0.00000000e+00  0.00000000e+00
   0.00000000e+00  0.00000000e+00  0.00000000e+00  0.00000000e+00
   0.00000000e+00  6.34054191e-03  6.34054191e-03  6.34054191e-03
   6.34054191e-03  6.34054191e-03  6.34054191e-03  6.34054191e-03
   6.34054191e-03  6.34054191e-03  6.34054191e-03  6.34054191e-03
   6.34054191e-03  6.34054191e-03  6.34054191e-03  6.34054191e-03
   6.34054191e-03  6.34054191e-03  6.34054191e-03  6.34054191e-03
  -2.47879565e-02 -2.47879565e-02 -2.47879565e-02 -2.47879565e-02
  -2.47879565e-02 -2.47879565e-02 -2.47879565e-02 -2.47879565e-02
  -2.47879565e-02 -2.47879565e-02 -2.47879565e-02 -2.47879565e-02
  -2.47879565e-02 -2.47879565e-02 -2.47879565e-02 -2.47879565e-02
  -2.47879565e-02 -2.47879565e-02 -2.47879565e-02  7.35512986e-02
   7.35512986e-02  7.35512986e-02  7.35512986e-02  7.35512986e-02
   7.35512986e-02  7.35512986e-02  7.35512986e-02  7.35512986e-02
   7.35512986e-02  7.35512986e-02  7.35512986e-02  7.35512986e-02
   7.35512986e-02  7.35512986e-02  7.35512986e-02  7.35512986e-02
   7.35512986e-02  7.35512986e-02  4.67006413e-02  4.67006413e-02
   4.67006413e-02  4.67006413e-02  4.67006413e-02  4.67006413e-02
   4.67006413e-02  4.67006413e-02  4.67006413e-02  4.67006413e-02
   4.67006413e-02  4.67006413e-02  4.67006413e-02  4.67006413e-02
   4.67006413e-02  4.67006413e-02  4.67006413e-02  4.67006413e-02
   4.67006413e-02  2.61677424e-03  2.61677424e-03  2.61677424e-03
   2.61677424e-03  2.61677424e-03  2.61677424e-03  2.61677424e-03
   2.61677424e-03  2.61677424e-03  2.61677424e-03  2.61677424e-03
   2.61677424e-03  2.61677424e-03  2.61677424e-03  2.61677424e-03
   2.61677424e-03  2.61677424e-03  2.61677424e-03  2.61677424e-03
  -4.32089404e-05 -4.32089404e-05 -4.32089404e-05 -4.32089404e-05
  -4.32089404e-05 -4.32089404e-05 -4.32089404e-05 -4.32089404e-05
  -4.32089404e-05 -4.32089404e-05 -4.32089404e-05 -4.32089404e-05
  -4.32089404e-05 -4.32089404e-05 -4.32089404e-05 -4.32089404e-05
  -4.32089404e-05 -4.32089404e-05 -4.32089404e-05  7.35537238e-03
   7.35537238e-03  7.35537238e-03  7.35537238e-03  7.35537238e-03
   7.35537238e-03  7.35537238e-03  7.35537238e-03  7.35537238e-03
   7.35537238e-03  7.35537238e-03  7.35537238e-03  7.35537238e-03
   7.35537238e-03  7.35537238e-03  7.35537238e-03  7.35537238e-03
   7.35537238e-03  7.35537238e-03]
 [ 0.00000000e+00  0.00000000e+00  0.00000000e+00  0.00000000e+00
   0.00000000e+00  0.00000000e+00  0.00000000e+00  0.00000000e+00
   0.00000000e+00  0.00000000e+00  0.00000000e+00  0.00000000e+00
   0.00000000e+00  0.00000000e+00  0.00000000e+00  0.00000000e+00
   0.00000000e+00  0.00000000e+00  0.00000000e+00  0.00000000e+00
   0.00000000e+00  0.00000000e+00  0.00000000e+00  0.00000000e+00
   0.00000000e+00  0.00000000e+00  0.00000000e+00  0.00000000e+00
   0.00000000e+00  0.00000000e+00  0.00000000e+00  0.00000000e+00
   0.00000000e+00  0.00000000e+00  0.00000000e+00  0.00000000e+00
   0.00000000e+00  0.00000000e+00  0.00000000e+00  0.00000000e+00
   0.00000000e+00  0.00000000e+00  0.00000000e+00  0.00000000e+00
   0.00000000e+00  0.00000000e+00  0.00000000e+00  0.00000000e+00
   0.00000000e+00  0.00000000e+00  0.00000000e+00  0.00000000e+00
   0.00000000e+00  0.00000000e+00  0.00000000e+00  0.00000000e+00
   0.00000000e+00 -1.75678274e-02 -1.75678274e-02 -1.75678274e-02
  -1.75678274e-02 -1.75678274e-02 -1.75678274e-02 -1.75678274e-02
  -1.75678274e-02 -1.75678274e-02 -1.75678274e-02 -1.75678274e-02
  -1.75678274e-02 -1.75678274e-02 -1.75678274e-02 -1.75678274e-02
  -1.75678274e-02 -1.75678274e-02 -1.75678274e-02 -1.75678274e-02
   4.90719306e-02  4.90719306e-02  4.90719306e-02  4.90719306e-02
   4.90719306e-02  4.90719306e-02  4.90719306e-02  4.90719306e-02
   4.90719306e-02  4.90719306e-02  4.90719306e-02  4.90719306e-02
   4.90719306e-02  4.90719306e-02  4.90719306e-02  4.90719306e-02
   4.90719306e-02  4.90719306e-02  4.90719306e-02  7.74503741e-02
   7.74503741e-02  7.74503741e-02  7.74503741e-02  7.74503741e-02
   7.74503741e-02  7.74503741e-02  7.74503741e-02  7.74503741e-02
   7.74503741e-02  7.74503741e-02  7.74503741e-02  7.74503741e-02
   7.74503741e-02  7.74503741e-02  7.74503741e-02  7.74503741e-02
   7.74503741e-02  7.74503741e-02  1.96610799e-02  1.96610799e-02
   1.96610799e-02  1.96610799e-02  1.96610799e-02  1.96610799e-02
   1.96610799e-02  1.96610799e-02  1.96610799e-02  1.96610799e-02
   1.96610799e-02  1.96610799e-02  1.96610799e-02  1.96610799e-02
   1.96610799e-02  1.96610799e-02  1.96610799e-02  1.96610799e-02
   1.96610799e-02 -8.82721963e-02 -8.82721963e-02 -8.82721963e-02
  -8.82721963e-02 -8.82721963e-02 -8.82721963e-02 -8.82721963e-02
  -8.82721963e-02 -8.82721963e-02 -8.82721963e-02 -8.82721963e-02
  -8.82721963e-02 -8.82721963e-02 -8.82721963e-02 -8.82721963e-02
  -8.82721963e-02 -8.82721963e-02 -8.82721963e-02 -8.82721963e-02
  -7.89020848e-02 -7.89020848e-02 -7.89020848e-02 -7.89020848e-02
  -7.89020848e-02 -7.89020848e-02 -7.89020848e-02 -7.89020848e-02
  -7.89020848e-02 -7.89020848e-02 -7.89020848e-02 -7.89020848e-02
  -7.89020848e-02 -7.89020848e-02 -7.89020848e-02 -7.89020848e-02
  -7.89020848e-02 -7.89020848e-02 -7.89020848e-02 -4.39817707e-02
  -4.39817707e-02 -4.39817707e-02 -4.39817707e-02 -4.39817707e-02
  -4.39817707e-02 -4.39817707e-02 -4.39817707e-02 -4.39817707e-02
  -4.39817707e-02 -4.39817707e-02 -4.39817707e-02 -4.39817707e-02
  -4.39817707e-02 -4.39817707e-02 -4.39817707e-02 -4.39817707e-02
  -4.39817707e-02 -4.39817707e-02]
 [ 0.00000000e+00  0.00000000e+00  0.00000000e+00  0.00000000e+00
   0.00000000e+00  0.00000000e+00  0.00000000e+00  0.00000000e+00
   0.00000000e+00  0.00000000e+00  0.00000000e+00  0.00000000e+00
   0.00000000e+00  0.00000000e+00  0.00000000e+00  0.00000000e+00
   0.00000000e+00  0.00000000e+00  0.00000000e+00  0.00000000e+00
   0.00000000e+00  0.00000000e+00  0.00000000e+00  0.00000000e+00
   0.00000000e+00  0.00000000e+00  0.00000000e+00  0.00000000e+00
   0.00000000e+00  0.00000000e+00  0.00000000e+00  0.00000000e+00
   0.00000000e+00  0.00000000e+00  0.00000000e+00  0.00000000e+00
   0.00000000e+00  0.00000000e+00  0.00000000e+00  0.00000000e+00
   0.00000000e+00  0.00000000e+00  0.00000000e+00  0.00000000e+00
   0.00000000e+00  0.00000000e+00  0.00000000e+00  0.00000000e+00
   0.00000000e+00  0.00000000e+00  0.00000000e+00  0.00000000e+00
   0.00000000e+00  0.00000000e+00  0.00000000e+00  0.00000000e+00
   0.00000000e+00  4.62388848e-02  4.62388848e-02  4.62388848e-02
   4.62388848e-02  4.62388848e-02  4.62388848e-02  4.62388848e-02
   4.62388848e-02  4.62388848e-02  4.62388848e-02  4.62388848e-02
   4.62388848e-02  4.62388848e-02  4.62388848e-02  4.62388848e-02
   4.62388848e-02  4.62388848e-02  4.62388848e-02  4.62388848e-02
  -3.10218674e-02 -3.10218674e-02 -3.10218674e-02 -3.10218674e-02
  -3.10218674e-02 -3.10218674e-02 -3.10218674e-02 -3.10218674e-02
  -3.10218674e-02 -3.10218674e-02 -3.10218674e-02 -3.10218674e-02
  -3.10218674e-02 -3.10218674e-02 -3.10218674e-02 -3.10218674e-02
  -3.10218674e-02 -3.10218674e-02 -3.10218674e-02 -9.96846843e-03
  -9.96846843e-03 -9.96846843e-03 -9.96846843e-03 -9.96846843e-03
  -9.96846843e-03 -9.96846843e-03 -9.96846843e-03 -9.96846843e-03
  -9.96846843e-03 -9.96846843e-03 -9.96846843e-03 -9.96846843e-03
  -9.96846843e-03 -9.96846843e-03 -9.96846843e-03 -9.96846843e-03
  -9.96846843e-03 -9.96846843e-03  5.71509462e-02  5.71509462e-02
   5.71509462e-02  5.71509462e-02  5.71509462e-02  5.71509462e-02
   5.71509462e-02  5.71509462e-02  5.71509462e-02  5.71509462e-02
   5.71509462e-02  5.71509462e-02  5.71509462e-02  5.71509462e-02
   5.71509462e-02  5.71509462e-02  5.71509462e-02  5.71509462e-02
   5.71509462e-02  4.02780729e-02  4.02780729e-02  4.02780729e-02
   4.02780729e-02  4.02780729e-02  4.02780729e-02  4.02780729e-02
   4.02780729e-02  4.02780729e-02  4.02780729e-02  4.02780729e-02
   4.02780729e-02  4.02780729e-02  4.02780729e-02  4.02780729e-02
   4.02780729e-02  4.02780729e-02  4.02780729e-02  4.02780729e-02
  -1.54321176e-03 -1.54321176e-03 -1.54321176e-03 -1.54321176e-03
  -1.54321176e-03 -1.54321176e-03 -1.54321176e-03 -1.54321176e-03
  -1.54321176e-03 -1.54321176e-03 -1.54321176e-03 -1.54321176e-03
  -1.54321176e-03 -1.54321176e-03 -1.54321176e-03 -1.54321176e-03
  -1.54321176e-03 -1.54321176e-03 -1.54321176e-03  6.08711756e-03
   6.08711756e-03  6.08711756e-03  6.08711756e-03  6.08711756e-03
   6.08711756e-03  6.08711756e-03  6.08711756e-03  6.08711756e-03
   6.08711756e-03  6.08711756e-03  6.08711756e-03  6.08711756e-03
   6.08711756e-03  6.08711756e-03  6.08711756e-03  6.08711756e-03
   6.08711756e-03  6.08711756e-03]
 [ 0.00000000e+00  0.00000000e+00  0.00000000e+00  0.00000000e+00
   0.00000000e+00  0.00000000e+00  0.00000000e+00  0.00000000e+00
   0.00000000e+00  0.00000000e+00  0.00000000e+00  0.00000000e+00
   0.00000000e+00  0.00000000e+00  0.00000000e+00  0.00000000e+00
   0.00000000e+00  0.00000000e+00  0.00000000e+00  0.00000000e+00
   0.00000000e+00  0.00000000e+00  0.00000000e+00  0.00000000e+00
   0.00000000e+00  0.00000000e+00  0.00000000e+00  0.00000000e+00
   0.00000000e+00  0.00000000e+00  0.00000000e+00  0.00000000e+00
   0.00000000e+00  0.00000000e+00  0.00000000e+00  0.00000000e+00
   0.00000000e+00  0.00000000e+00  0.00000000e+00  0.00000000e+00
   0.00000000e+00  0.00000000e+00  0.00000000e+00  0.00000000e+00
   0.00000000e+00  0.00000000e+00  0.00000000e+00  0.00000000e+00
   0.00000000e+00  0.00000000e+00  0.00000000e+00  0.00000000e+00
   0.00000000e+00  0.00000000e+00  0.00000000e+00  0.00000000e+00
   0.00000000e+00  6.97857854e-02  6.97857854e-02  6.97857854e-02
   6.97857854e-02  6.97857854e-02  6.97857854e-02  6.97857854e-02
   6.97857854e-02  6.97857854e-02  6.97857854e-02  6.97857854e-02
   6.97857854e-02  6.97857854e-02  6.97857854e-02  6.97857854e-02
   6.97857854e-02  6.97857854e-02  6.97857854e-02  6.97857854e-02
  -7.53885439e-02 -7.53885439e-02 -7.53885439e-02 -7.53885439e-02
  -7.53885439e-02 -7.53885439e-02 -7.53885439e-02 -7.53885439e-02
  -7.53885439e-02 -7.53885439e-02 -7.53885439e-02 -7.53885439e-02
  -7.53885439e-02 -7.53885439e-02 -7.53885439e-02 -7.53885439e-02
  -7.53885439e-02 -7.53885439e-02 -7.53885439e-02  6.00897352e-02
   6.00897352e-02  6.00897352e-02  6.00897352e-02  6.00897352e-02
   6.00897352e-02  6.00897352e-02  6.00897352e-02  6.00897352e-02
   6.00897352e-02  6.00897352e-02  6.00897352e-02  6.00897352e-02
   6.00897352e-02  6.00897352e-02  6.00897352e-02  6.00897352e-02
   6.00897352e-02  6.00897352e-02  4.85656837e-02  4.85656837e-02
   4.85656837e-02  4.85656837e-02  4.85656837e-02  4.85656837e-02
   4.85656837e-02  4.85656837e-02  4.85656837e-02  4.85656837e-02
   4.85656837e-02  4.85656837e-02  4.85656837e-02  4.85656837e-02
   4.85656837e-02  4.85656837e-02  4.85656837e-02  4.85656837e-02
   4.85656837e-02 -4.65580438e-03 -4.65580438e-03 -4.65580438e-03
  -4.65580438e-03 -4.65580438e-03 -4.65580438e-03 -4.65580438e-03
  -4.65580438e-03 -4.65580438e-03 -4.65580438e-03 -4.65580438e-03
  -4.65580438e-03 -4.65580438e-03 -4.65580438e-03 -4.65580438e-03
  -4.65580438e-03 -4.65580438e-03 -4.65580438e-03 -4.65580438e-03
  -3.65180102e-02 -3.65180102e-02 -3.65180102e-02 -3.65180102e-02
  -3.65180102e-02 -3.65180102e-02 -3.65180102e-02 -3.65180102e-02
  -3.65180102e-02 -3.65180102e-02 -3.65180102e-02 -3.65180102e-02
  -3.65180102e-02 -3.65180102e-02 -3.65180102e-02 -3.65180102e-02
  -3.65180102e-02 -3.65180102e-02 -3.65180102e-02 -9.23065806e-03
  -9.23065806e-03 -9.23065806e-03 -9.23065806e-03 -9.23065806e-03
  -9.23065806e-03 -9.23065806e-03 -9.23065806e-03 -9.23065806e-03
  -9.23065806e-03 -9.23065806e-03 -9.23065806e-03 -9.23065806e-03
  -9.23065806e-03 -9.23065806e-03 -9.23065806e-03 -9.23065806e-03
  -9.23065806e-03 -9.23065806e-03]
 [ 0.00000000e+00  0.00000000e+00  0.00000000e+00  0.00000000e+00
   0.00000000e+00  0.00000000e+00  0.00000000e+00  0.00000000e+00
   0.00000000e+00  0.00000000e+00  0.00000000e+00  0.00000000e+00
   0.00000000e+00  0.00000000e+00  0.00000000e+00  0.00000000e+00
   0.00000000e+00  0.00000000e+00  0.00000000e+00  0.00000000e+00
   0.00000000e+00  0.00000000e+00  0.00000000e+00  0.00000000e+00
   0.00000000e+00  0.00000000e+00  0.00000000e+00  0.00000000e+00
   0.00000000e+00  0.00000000e+00  0.00000000e+00  0.00000000e+00
   0.00000000e+00  0.00000000e+00  0.00000000e+00  0.00000000e+00
   0.00000000e+00  0.00000000e+00  0.00000000e+00  0.00000000e+00
   0.00000000e+00  0.00000000e+00  0.00000000e+00  0.00000000e+00
   0.00000000e+00  0.00000000e+00  0.00000000e+00  0.00000000e+00
   0.00000000e+00  0.00000000e+00  0.00000000e+00  0.00000000e+00
   0.00000000e+00  0.00000000e+00  0.00000000e+00  0.00000000e+00
   0.00000000e+00  6.25830877e-02  6.25830877e-02  6.25830877e-02
   6.25830877e-02  6.25830877e-02  6.25830877e-02  6.25830877e-02
   6.25830877e-02  6.25830877e-02  6.25830877e-02  6.25830877e-02
   6.25830877e-02  6.25830877e-02  6.25830877e-02  6.25830877e-02
   6.25830877e-02  6.25830877e-02  6.25830877e-02  6.25830877e-02
   6.92719578e-02  6.92719578e-02  6.92719578e-02  6.92719578e-02
   6.92719578e-02  6.92719578e-02  6.92719578e-02  6.92719578e-02
   6.92719578e-02  6.92719578e-02  6.92719578e-02  6.92719578e-02
   6.92719578e-02  6.92719578e-02  6.92719578e-02  6.92719578e-02
   6.92719578e-02  6.92719578e-02  6.92719578e-02  7.17994439e-02
   7.17994439e-02  7.17994439e-02  7.17994439e-02  7.17994439e-02
   7.17994439e-02  7.17994439e-02  7.17994439e-02  7.17994439e-02
   7.17994439e-02  7.17994439e-02  7.17994439e-02  7.17994439e-02
   7.17994439e-02  7.17994439e-02  7.17994439e-02  7.17994439e-02
   7.17994439e-02  7.17994439e-02  2.17610815e-02  2.17610815e-02
   2.17610815e-02  2.17610815e-02  2.17610815e-02  2.17610815e-02
   2.17610815e-02  2.17610815e-02  2.17610815e-02  2.17610815e-02
   2.17610815e-02  2.17610815e-02  2.17610815e-02  2.17610815e-02
   2.17610815e-02  2.17610815e-02  2.17610815e-02  2.17610815e-02
   2.17610815e-02 -4.07969133e-02 -4.07969133e-02 -4.07969133e-02
  -4.07969133e-02 -4.07969133e-02 -4.07969133e-02 -4.07969133e-02
  -4.07969133e-02 -4.07969133e-02 -4.07969133e-02 -4.07969133e-02
  -4.07969133e-02 -4.07969133e-02 -4.07969133e-02 -4.07969133e-02
  -4.07969133e-02 -4.07969133e-02 -4.07969133e-02 -4.07969133e-02
   5.01439265e-02  5.01439265e-02  5.01439265e-02  5.01439265e-02
   5.01439265e-02  5.01439265e-02  5.01439265e-02  5.01439265e-02
   5.01439265e-02  5.01439265e-02  5.01439265e-02  5.01439265e-02
   5.01439265e-02  5.01439265e-02  5.01439265e-02  5.01439265e-02
   5.01439265e-02  5.01439265e-02  5.01439265e-02 -6.84045118e-02
  -6.84045118e-02 -6.84045118e-02 -6.84045118e-02 -6.84045118e-02
  -6.84045118e-02 -6.84045118e-02 -6.84045118e-02 -6.84045118e-02
  -6.84045118e-02 -6.84045118e-02 -6.84045118e-02 -6.84045118e-02
  -6.84045118e-02 -6.84045118e-02 -6.84045118e-02 -6.84045118e-02
  -6.84045118e-02 -6.84045118e-02]]
Model B parameters:  [[ 1.00000000e+00  0.00000000e+00  1.00000000e+00 -1.00000000e+00
   2.00000000e+00 -2.00000000e+00  3.00000000e+00 -3.00000000e+00
   4.00000000e+00  0.00000000e+00  1.00000000e+00 -1.00000000e+00
   2.00000000e+00 -2.00000000e+00  3.00000000e+00 -3.00000000e+00
   4.00000000e+00  0.00000000e+00  1.00000000e+00 -1.00000000e+00
   2.00000000e+00 -2.00000000e+00  3.00000000e+00 -3.00000000e+00
   4.00000000e+00  4.00000000e+00 -3.00000000e+00  3.00000000e+00
  -2.00000000e+00  2.00000000e+00 -1.00000000e+00  1.00000000e+00
   0.00000000e+00  0.00000000e+00  1.00000000e+00 -1.00000000e+00
   2.00000000e+00 -2.00000000e+00  3.00000000e+00 -3.00000000e+00
   4.00000000e+00  4.00000000e+00 -3.00000000e+00  3.00000000e+00
  -2.00000000e+00  2.00000000e+00 -1.00000000e+00  1.00000000e+00
   0.00000000e+00  0.00000000e+00  1.00000000e+00 -1.00000000e+00
   2.00000000e+00 -2.00000000e+00  3.00000000e+00 -3.00000000e+00
   4.00000000e+00  8.14711396e-01  1.13305682e-01  7.51363794e-01
  -1.87650099e-02 -4.93089582e-01  1.03430082e+00  4.45300097e-01
  -5.04670708e-01  6.51977430e-01 -4.22803891e-01  2.86474737e-02
   8.09746401e-01  9.08233115e-01  9.74030389e-01  1.07796885e+00
   7.23330026e-01 -1.76601017e-01 -2.61569585e-01 -2.19385601e-01
  -6.57709620e-01 -6.54975609e-01  2.84096989e-01 -2.80781352e-01
  -9.21156683e-01  3.42302854e-02 -8.78985582e-01 -2.66353248e-01
   4.15709319e-01  5.47280066e-01  2.95775264e-01  2.75274972e-01
  -9.14522066e-01 -8.46687575e-01 -9.55699229e-01 -4.77231910e-01
   9.85399990e-02 -7.46777232e-01  3.87121194e-01 -1.11267493e+00
  -4.19211568e-01  1.80389849e-01  5.28759703e-01  4.68974696e-01
  -1.20076800e+00 -9.93064149e-01  4.85675655e-02 -1.13513846e+00
   6.34045094e-01  9.00409326e-02  5.30122938e-01 -1.01360778e-01
  -1.34270653e+00 -8.87948119e-01  8.82962798e-01  7.76092407e-01
   3.29584870e-01  8.46926367e-01  2.10606045e-01  5.50736902e-01
  -1.39657635e-02  8.58792537e-02 -7.83204970e-01 -5.67168470e-01
  -6.07516559e-01 -4.59444639e-01  6.77137354e-01  3.30381083e-02
   5.72145597e-01 -1.85292440e-01  2.39621997e-01 -6.10494248e-02
   6.53582032e-01 -2.57277728e-01 -8.13859860e-01  7.83350864e-01
   3.48792523e-02  6.77402914e-01 -1.24361486e-01  1.31407384e+00
   1.20029572e+00  9.74898609e-01 -2.81551620e-01 -1.13226550e-02
   9.02063793e-01  1.47095638e-01 -5.56237384e-01 -3.12829837e-02
  -3.43899011e-01 -2.55143861e-01  9.43266479e-01  2.91116982e-02
   8.68266027e-01  1.10211173e+00  8.95245525e-01  6.18245807e-01
  -1.05260714e-03 -3.54597993e-01 -1.19833417e-01 -9.72845637e-02
  -6.25992444e-01 -2.20752533e-02  6.12032838e-01  5.43068435e-01
   2.95247225e-01 -4.11443819e-01  1.19493544e-01  7.27939756e-01
  -2.48362966e-01  6.43458993e-01 -3.58726538e-01 -2.70933833e-01
   3.93887113e-01 -3.88136478e-01  6.45618035e-01 -3.78473746e-01
   2.05827877e-02  6.60468302e-01 -2.71554914e-01  6.06124764e-01
  -2.35333216e-01  2.60853063e-01 -3.64626817e-01  5.62760000e-02
  -1.53546530e-01 -1.21894523e-01  2.92931248e-02 -6.77681823e-02
   3.35351956e-03 -1.57112913e-01 -1.07973191e-01  3.85106939e-01
   4.68913037e-02 -6.83548221e-02]]
